TpTrace Verbose: 0 : 3708, 1, 2024/11/18, 14:17:55.346, 2543552654003, vstest.console.dll, Version: 17.12.0-release-24508-01 Current process architecture: X64
TpTrace Verbose: 0 : 3708, 1, 2024/11/18, 14:17:55.354, 2543552734005, vstest.console.dll, Runtime location: C:\Program Files\dotnet\shared\Microsoft.NETCore.App\9.0.0
TpTrace Verbose: 0 : 3708, 1, 2024/11/18, 14:17:55.360, 2543552792854, vstest.console.dll, ArtifactProcessingPostProcessModeProcessorExecutor.Initialize: ArtifactProcessingMode.Collect
TpTrace Verbose: 0 : 3708, 1, 2024/11/18, 14:17:55.361, 2543552795702, vstest.console.dll, TestSessionCorrelationIdProcessorModeProcessorExecutor.Initialize: TestSessionCorrelationId '9708_fd2f6626-54f0-48c4-bd8b-358f4061bbca'
TpTrace Information: 0 : 3708, 1, 2024/11/18, 14:17:55.382, 2543553011246, vstest.console.dll, FilePatternParser: The given file C:\Users\johan\OneDrive\Dokument\Systemutveckling\Avancerad programmering\CleanArchitectureDemo\Test\bin\Debug\net8.0\fine-code-coverage\build-output\Test.dll is a full path.
TpTrace Verbose: 0 : 3708, 1, 2024/11/18, 14:17:55.388, 2543553068210, vstest.console.dll, TestPluginCache.DiscoverTestExtensions: finding test extensions in assemblies ends with: RuntimeProvider.dll TPluginInfo: Microsoft.VisualStudio.TestPlatform.Common.ExtensionFramework.Utilities.TestRuntimePluginInformation TExtension: Microsoft.VisualStudio.TestPlatform.ObjectModel.Host.ITestRuntimeProvider
TpTrace Verbose: 0 : 3708, 1, 2024/11/18, 14:17:55.388, 2543553073043, vstest.console.dll, TestPluginCache.GetExtensionPaths: Filtered extension paths: 
TpTrace Verbose: 0 : 3708, 1, 2024/11/18, 14:17:55.388, 2543553073955, vstest.console.dll, TestPluginCache.GetExtensionPaths: Added default extension paths: C:\Program Files\dotnet\sdk\9.0.100\Extensions\Microsoft.Diagnostics.NETCore.Client.dll
C:\Program Files\dotnet\sdk\9.0.100\Extensions\Microsoft.TestPlatform.Extensions.BlameDataCollector.dll
C:\Program Files\dotnet\sdk\9.0.100\Extensions\Microsoft.TestPlatform.Extensions.EventLogCollector.dll
C:\Program Files\dotnet\sdk\9.0.100\Extensions\Microsoft.TestPlatform.TestHostRuntimeProvider.dll
C:\Program Files\dotnet\sdk\9.0.100\Extensions\Microsoft.VisualStudio.TestPlatform.Extensions.Html.TestLogger.dll
C:\Program Files\dotnet\sdk\9.0.100\Extensions\Microsoft.VisualStudio.TestPlatform.Extensions.Trx.TestLogger.dll
TpTrace Verbose: 0 : 3708, 1, 2024/11/18, 14:17:55.388, 2543553074533, vstest.console.dll, TestPluginCache.GetExtensionPaths: Added unfilterableExtensionPaths: 
TpTrace Information: 0 : 3708, 1, 2024/11/18, 14:17:55.389, 2543553081495, vstest.console.dll, AssemblyResolver.ctor: Creating AssemblyResolver with searchDirectories C:\Program Files\dotnet\sdk\9.0.100\Extensions,C:\Program Files\dotnet\sdk\9.0.100
TpTrace Verbose: 0 : 3708, 1, 2024/11/18, 14:17:55.392, 2543553105758, vstest.console.dll, TestPluginCache.DiscoverTestExtensions: Discovering the extensions using extension path.
TpTrace Verbose: 0 : 3708, 1, 2024/11/18, 14:17:55.392, 2543553107927, vstest.console.dll, TestPluginCache.GetExtensionPaths: Filtered extension paths: 
TpTrace Verbose: 0 : 3708, 1, 2024/11/18, 14:17:55.392, 2543553108479, vstest.console.dll, TestPluginCache.GetExtensionPaths: Added default extension paths: C:\Program Files\dotnet\sdk\9.0.100\Extensions\Microsoft.Diagnostics.NETCore.Client.dll
C:\Program Files\dotnet\sdk\9.0.100\Extensions\Microsoft.TestPlatform.Extensions.BlameDataCollector.dll
C:\Program Files\dotnet\sdk\9.0.100\Extensions\Microsoft.TestPlatform.Extensions.EventLogCollector.dll
C:\Program Files\dotnet\sdk\9.0.100\Extensions\Microsoft.TestPlatform.TestHostRuntimeProvider.dll
C:\Program Files\dotnet\sdk\9.0.100\Extensions\Microsoft.VisualStudio.TestPlatform.Extensions.Html.TestLogger.dll
C:\Program Files\dotnet\sdk\9.0.100\Extensions\Microsoft.VisualStudio.TestPlatform.Extensions.Trx.TestLogger.dll
TpTrace Verbose: 0 : 3708, 1, 2024/11/18, 14:17:55.392, 2543553109072, vstest.console.dll, TestPluginCache.GetExtensionPaths: Added unfilterableExtensionPaths: 
TpTrace Verbose: 0 : 3708, 1, 2024/11/18, 14:17:55.392, 2543553109970, vstest.console.dll, TestPluginCache.DiscoverTestExtensions: Discovering the extensions using allExtensionPaths: C:\Program Files\dotnet\sdk\9.0.100\Extensions\Microsoft.Diagnostics.NETCore.Client.dll
C:\Program Files\dotnet\sdk\9.0.100\Extensions\Microsoft.TestPlatform.Extensions.BlameDataCollector.dll
C:\Program Files\dotnet\sdk\9.0.100\Extensions\Microsoft.TestPlatform.Extensions.EventLogCollector.dll
C:\Program Files\dotnet\sdk\9.0.100\Extensions\Microsoft.TestPlatform.TestHostRuntimeProvider.dll
C:\Program Files\dotnet\sdk\9.0.100\Extensions\Microsoft.VisualStudio.TestPlatform.Extensions.Html.TestLogger.dll
C:\Program Files\dotnet\sdk\9.0.100\Extensions\Microsoft.VisualStudio.TestPlatform.Extensions.Trx.TestLogger.dll
TpTrace Information: 0 : 3708, 1, 2024/11/18, 14:17:55.392, 2543553112370, vstest.console.dll, AssemblyResolver.AddSearchDirectories: Adding more searchDirectories C:\Program Files\dotnet\sdk\9.0.100\Extensions,C:\Program Files\dotnet\sdk\9.0.100
TpTrace Information: 0 : 3708, 1, 2024/11/18, 14:17:55.392, 2543553113190, vstest.console.dll, AssemblyResolver.AddSearchDirectories: Adding more searchDirectories C:\Program Files\dotnet\sdk\9.0.100\Extensions,C:\Program Files\dotnet\sdk\9.0.100
TpTrace Information: 0 : 3708, 1, 2024/11/18, 14:17:55.392, 2543553113702, vstest.console.dll, AssemblyResolver.AddSearchDirectories: Adding more searchDirectories C:\Program Files\dotnet\sdk\9.0.100\Extensions,C:\Program Files\dotnet\sdk\9.0.100
TpTrace Information: 0 : 3708, 1, 2024/11/18, 14:17:55.392, 2543553114342, vstest.console.dll, AssemblyResolver.AddSearchDirectories: Adding more searchDirectories C:\Program Files\dotnet\sdk\9.0.100\Extensions,C:\Program Files\dotnet\sdk\9.0.100
TpTrace Information: 0 : 3708, 1, 2024/11/18, 14:17:55.392, 2543553114816, vstest.console.dll, AssemblyResolver.AddSearchDirectories: Adding more searchDirectories C:\Program Files\dotnet\sdk\9.0.100\Extensions,C:\Program Files\dotnet\sdk\9.0.100
TpTrace Information: 0 : 3708, 1, 2024/11/18, 14:17:55.393, 2543553115279, vstest.console.dll, AssemblyResolver.AddSearchDirectories: Adding more searchDirectories C:\Program Files\dotnet\sdk\9.0.100\Extensions,C:\Program Files\dotnet\sdk\9.0.100
TpTrace Information: 0 : 3708, 1, 2024/11/18, 14:17:55.393, 2543553122060, vstest.console.dll, AssemblyResolver.OnResolve: Microsoft.Diagnostics.NETCore.Client: Resolving assembly.
TpTrace Information: 0 : 3708, 1, 2024/11/18, 14:17:55.393, 2543553123160, vstest.console.dll, AssemblyResolver.OnResolve: Microsoft.Diagnostics.NETCore.Client: Searching in: 'C:\Program Files\dotnet\sdk\9.0.100\Extensions'.
TpTrace Information: 0 : 3708, 1, 2024/11/18, 14:17:55.409, 2543553278166, vstest.console.dll, AssemblyResolver.OnResolve: Microsoft.Diagnostics.NETCore.Client: Loading assembly 'C:\Program Files\dotnet\sdk\9.0.100\Extensions\Microsoft.Diagnostics.NETCore.Client.dll'.
TpTrace Information: 0 : 3708, 1, 2024/11/18, 14:17:55.409, 2543553284814, vstest.console.dll, AssemblyResolver.OnResolve: Resolved assembly: Microsoft.Diagnostics.NETCore.Client, from path: C:\Program Files\dotnet\sdk\9.0.100\Extensions\Microsoft.Diagnostics.NETCore.Client.dll
TpTrace Verbose: 0 : 3708, 1, 2024/11/18, 14:17:55.411, 2543553297919, vstest.console.dll, MetadataReaderExtensionsHelper: Discovering extensions inside assembly 'Microsoft.Diagnostics.NETCore.Client, Version=0.2.10.41601, Culture=neutral, PublicKeyToken=31bf3856ad364e35' file path 'C:\Program Files\dotnet\sdk\9.0.100\Extensions\Microsoft.Diagnostics.NETCore.Client.dll'
TpTrace Information: 0 : 3708, 1, 2024/11/18, 14:17:55.416, 2543553345306, vstest.console.dll, AssemblyResolver.OnResolve: Microsoft.Bcl.AsyncInterfaces: Resolving assembly.
TpTrace Information: 0 : 3708, 1, 2024/11/18, 14:17:55.416, 2543553346942, vstest.console.dll, AssemblyResolver.OnResolve: Microsoft.Bcl.AsyncInterfaces: Searching in: 'C:\Program Files\dotnet\sdk\9.0.100\Extensions'.
TpTrace Information: 0 : 3708, 1, 2024/11/18, 14:17:55.416, 2543553348284, vstest.console.dll, AssemblyResolver.OnResolve: Microsoft.Bcl.AsyncInterfaces: Assembly path does not exist: 'C:\Program Files\dotnet\sdk\9.0.100\Extensions\Microsoft.Bcl.AsyncInterfaces.dll', returning.
TpTrace Information: 0 : 3708, 1, 2024/11/18, 14:17:55.416, 2543553350163, vstest.console.dll, AssemblyResolver.OnResolve: Microsoft.Bcl.AsyncInterfaces: Assembly path does not exist: 'C:\Program Files\dotnet\sdk\9.0.100\Extensions\Microsoft.Bcl.AsyncInterfaces.exe', returning.
TpTrace Information: 0 : 3708, 1, 2024/11/18, 14:17:55.416, 2543553350706, vstest.console.dll, AssemblyResolver.OnResolve: Microsoft.Bcl.AsyncInterfaces: Searching in: 'C:\Program Files\dotnet\sdk\9.0.100'.
TpTrace Information: 0 : 3708, 1, 2024/11/18, 14:17:55.416, 2543553351656, vstest.console.dll, AssemblyResolver.OnResolve: Microsoft.Bcl.AsyncInterfaces: Assembly path does not exist: 'C:\Program Files\dotnet\sdk\9.0.100\Microsoft.Bcl.AsyncInterfaces.dll', returning.
TpTrace Information: 0 : 3708, 1, 2024/11/18, 14:17:55.416, 2543553352548, vstest.console.dll, AssemblyResolver.OnResolve: Microsoft.Bcl.AsyncInterfaces: Assembly path does not exist: 'C:\Program Files\dotnet\sdk\9.0.100\Microsoft.Bcl.AsyncInterfaces.exe', returning.
TpTrace Information: 0 : 3708, 1, 2024/11/18, 14:17:55.416, 2543553353012, vstest.console.dll, AssemblyResolver.OnResolve: Microsoft.Bcl.AsyncInterfaces: Failed to load assembly.
TpTrace Verbose: 0 : 3708, 1, 2024/11/18, 14:17:55.416, 2543553353662, vstest.console.dll, CurrentDomainAssemblyResolve: Resolving assembly 'Microsoft.Bcl.AsyncInterfaces'.
TpTrace Information: 0 : 3708, 1, 2024/11/18, 14:17:55.416, 2543553354505, vstest.console.dll, AssemblyResolver.OnResolve: Microsoft.Bcl.AsyncInterfaces: Resolving assembly.
TpTrace Information: 0 : 3708, 1, 2024/11/18, 14:17:55.417, 2543553355038, vstest.console.dll, AssemblyResolver.OnResolve: Microsoft.Bcl.AsyncInterfaces: Resolved from cache.
TpTrace Verbose: 0 : 3708, 1, 2024/11/18, 14:17:55.417, 2543553355467, vstest.console.dll, CurrentDomainAssemblyResolve: Resolving assembly 'Microsoft.Bcl.AsyncInterfaces'.
TpTrace Verbose: 0 : 3708, 1, 2024/11/18, 14:17:55.417, 2543553355993, vstest.console.dll, CurrentDomainAssemblyResolve: Failed to resolve assembly 'Microsoft.Bcl.AsyncInterfaces'.
TpTrace Verbose: 0 : 3708, 1, 2024/11/18, 14:17:55.418, 2543553369274, vstest.console.dll, CurrentDomainAssemblyResolve: Failed to resolve assembly 'Microsoft.Bcl.AsyncInterfaces'.
TpTrace Warning: 0 : 3708, 1, 2024/11/18, 14:17:55.433, 2543553515443, vstest.console.dll, TestPluginDiscoverer: Failed to get types from assembly 'Microsoft.Diagnostics.NETCore.Client, Version=0.2.10.41601, Culture=neutral, PublicKeyToken=31bf3856ad364e35'. Error: System.Reflection.ReflectionTypeLoadException: Unable to load one or more of the requested types.
Could not load file or assembly 'Microsoft.Bcl.AsyncInterfaces, Version=6.0.0.0, Culture=neutral, PublicKeyToken=cc7b13ffcd2ddd51'. Det går inte att hitta filen.
   at System.Reflection.RuntimeModule.GetDefinedTypes()
   at System.Reflection.RuntimeModule.GetTypes()
   at Microsoft.VisualStudio.TestPlatform.Common.ExtensionFramework.TestPluginDiscoverer.GetTestExtensionsFromAssembly[TPluginInfo,TExtension](Assembly assembly, Dictionary`2 pluginInfos, String filePath) in /_/src/Microsoft.TestPlatform.Common/ExtensionFramework/TestPluginDiscoverer.cs:line 159
System.IO.FileNotFoundException: Could not load file or assembly 'Microsoft.Bcl.AsyncInterfaces, Version=6.0.0.0, Culture=neutral, PublicKeyToken=cc7b13ffcd2ddd51'. Det går inte att hitta filen.
File name: 'Microsoft.Bcl.AsyncInterfaces, Version=6.0.0.0, Culture=neutral, PublicKeyToken=cc7b13ffcd2ddd51'
 ---> System.IO.FileNotFoundException: Could not load file or assembly 'Microsoft.Bcl.AsyncInterfaces, Culture=neutral, PublicKeyToken=null'. Det går inte att hitta filen.
File name: 'Microsoft.Bcl.AsyncInterfaces, Culture=neutral, PublicKeyToken=null'
   at System.Reflection.RuntimeAssembly.InternalLoad(AssemblyName assemblyName, StackCrawlMark& stackMark, AssemblyLoadContext assemblyLoadContext, RuntimeAssembly requestingAssembly, Boolean throwOnFileNotFound)
   at System.Reflection.Assembly.Load(AssemblyName assemblyRef)
   at Microsoft.VisualStudio.TestPlatform.Common.ExtensionFramework.TestPluginCache.CurrentDomainAssemblyResolve(Object sender, AssemblyResolveEventArgs args) in /_/src/Microsoft.TestPlatform.Common/ExtensionFramework/TestPluginCache.cs:line 514
   at System.Runtime.Loader.AssemblyLoadContext.GetFirstResolvedAssemblyFromResolvingEvent(AssemblyName assemblyName)
   at System.Runtime.Loader.AssemblyLoadContext.ResolveUsingEvent(AssemblyName assemblyName)
   at System.Runtime.Loader.AssemblyLoadContext.ResolveUsingResolvingEvent(IntPtr gchManagedAssemblyLoadContext, AssemblyName assemblyName)
TpTrace Warning: 0 : 3708, 1, 2024/11/18, 14:17:55.433, 2543553521481, vstest.console.dll, LoaderExceptions: System.IO.FileNotFoundException: Could not load file or assembly 'Microsoft.Bcl.AsyncInterfaces, Version=6.0.0.0, Culture=neutral, PublicKeyToken=cc7b13ffcd2ddd51'. Det går inte att hitta filen.
File name: 'Microsoft.Bcl.AsyncInterfaces, Version=6.0.0.0, Culture=neutral, PublicKeyToken=cc7b13ffcd2ddd51'
 ---> System.IO.FileNotFoundException: Could not load file or assembly 'Microsoft.Bcl.AsyncInterfaces, Culture=neutral, PublicKeyToken=null'. Det går inte att hitta filen.
File name: 'Microsoft.Bcl.AsyncInterfaces, Culture=neutral, PublicKeyToken=null'
   at System.Reflection.RuntimeAssembly.InternalLoad(AssemblyName assemblyName, StackCrawlMark& stackMark, AssemblyLoadContext assemblyLoadContext, RuntimeAssembly requestingAssembly, Boolean throwOnFileNotFound)
   at System.Reflection.Assembly.Load(AssemblyName assemblyRef)
   at Microsoft.VisualStudio.TestPlatform.Common.ExtensionFramework.TestPluginCache.CurrentDomainAssemblyResolve(Object sender, AssemblyResolveEventArgs args) in /_/src/Microsoft.TestPlatform.Common/ExtensionFramework/TestPluginCache.cs:line 514
   at System.Runtime.Loader.AssemblyLoadContext.GetFirstResolvedAssemblyFromResolvingEvent(AssemblyName assemblyName)
   at System.Runtime.Loader.AssemblyLoadContext.ResolveUsingEvent(AssemblyName assemblyName)
   at System.Runtime.Loader.AssemblyLoadContext.ResolveUsingResolvingEvent(IntPtr gchManagedAssemblyLoadContext, AssemblyName assemblyName)
TpTrace Information: 0 : 3708, 1, 2024/11/18, 14:17:55.433, 2543553523579, vstest.console.dll, AssemblyResolver.OnResolve: Microsoft.TestPlatform.Extensions.BlameDataCollector: Resolving assembly.
TpTrace Information: 0 : 3708, 1, 2024/11/18, 14:17:55.433, 2543553524332, vstest.console.dll, AssemblyResolver.OnResolve: Microsoft.TestPlatform.Extensions.BlameDataCollector: Searching in: 'C:\Program Files\dotnet\sdk\9.0.100\Extensions'.
TpTrace Information: 0 : 3708, 1, 2024/11/18, 14:17:55.434, 2543553529946, vstest.console.dll, AssemblyResolver.OnResolve: Microsoft.TestPlatform.Extensions.BlameDataCollector: Loading assembly 'C:\Program Files\dotnet\sdk\9.0.100\Extensions\Microsoft.TestPlatform.Extensions.BlameDataCollector.dll'.
TpTrace Information: 0 : 3708, 1, 2024/11/18, 14:17:55.435, 2543553536608, vstest.console.dll, AssemblyResolver.OnResolve: Resolved assembly: Microsoft.TestPlatform.Extensions.BlameDataCollector, from path: C:\Program Files\dotnet\sdk\9.0.100\Extensions\Microsoft.TestPlatform.Extensions.BlameDataCollector.dll
TpTrace Verbose: 0 : 3708, 1, 2024/11/18, 14:17:55.435, 2543553537895, vstest.console.dll, MetadataReaderExtensionsHelper: Discovering extensions inside assembly 'Microsoft.TestPlatform.Extensions.BlameDataCollector, Version=15.0.0.0, Culture=neutral, PublicKeyToken=b03f5f7f11d50a3a' file path 'C:\Program Files\dotnet\sdk\9.0.100\Extensions\Microsoft.TestPlatform.Extensions.BlameDataCollector.dll'
TpTrace Information: 0 : 3708, 1, 2024/11/18, 14:17:55.437, 2543553562080, vstest.console.dll, AssemblyResolver.OnResolve: Microsoft.TestPlatform.Extensions.EventLogCollector: Resolving assembly.
TpTrace Information: 0 : 3708, 1, 2024/11/18, 14:17:55.437, 2543553563582, vstest.console.dll, AssemblyResolver.OnResolve: Microsoft.TestPlatform.Extensions.EventLogCollector: Searching in: 'C:\Program Files\dotnet\sdk\9.0.100\Extensions'.
TpTrace Information: 0 : 3708, 1, 2024/11/18, 14:17:55.438, 2543553571932, vstest.console.dll, AssemblyResolver.OnResolve: Microsoft.TestPlatform.Extensions.EventLogCollector: Loading assembly 'C:\Program Files\dotnet\sdk\9.0.100\Extensions\Microsoft.TestPlatform.Extensions.EventLogCollector.dll'.
TpTrace Information: 0 : 3708, 1, 2024/11/18, 14:17:55.439, 2543553577674, vstest.console.dll, AssemblyResolver.OnResolve: Resolved assembly: Microsoft.TestPlatform.Extensions.EventLogCollector, from path: C:\Program Files\dotnet\sdk\9.0.100\Extensions\Microsoft.TestPlatform.Extensions.EventLogCollector.dll
TpTrace Verbose: 0 : 3708, 1, 2024/11/18, 14:17:55.439, 2543553578554, vstest.console.dll, MetadataReaderExtensionsHelper: Discovering extensions inside assembly 'Microsoft.TestPlatform.Extensions.EventLogCollector, Version=15.0.0.0, Culture=neutral, PublicKeyToken=b03f5f7f11d50a3a' file path 'C:\Program Files\dotnet\sdk\9.0.100\Extensions\Microsoft.TestPlatform.Extensions.EventLogCollector.dll'
TpTrace Information: 0 : 3708, 1, 2024/11/18, 14:17:55.442, 2543553607307, vstest.console.dll, AssemblyResolver.OnResolve: Microsoft.TestPlatform.TestHostRuntimeProvider: Resolving assembly.
TpTrace Information: 0 : 3708, 1, 2024/11/18, 14:17:55.442, 2543553608577, vstest.console.dll, AssemblyResolver.OnResolve: Microsoft.TestPlatform.TestHostRuntimeProvider: Searching in: 'C:\Program Files\dotnet\sdk\9.0.100\Extensions'.
TpTrace Information: 0 : 3708, 1, 2024/11/18, 14:17:55.442, 2543553611924, vstest.console.dll, AssemblyResolver.OnResolve: Microsoft.TestPlatform.TestHostRuntimeProvider: Loading assembly 'C:\Program Files\dotnet\sdk\9.0.100\Extensions\Microsoft.TestPlatform.TestHostRuntimeProvider.dll'.
TpTrace Information: 0 : 3708, 1, 2024/11/18, 14:17:55.443, 2543553616383, vstest.console.dll, AssemblyResolver.OnResolve: Resolved assembly: Microsoft.TestPlatform.TestHostRuntimeProvider, from path: C:\Program Files\dotnet\sdk\9.0.100\Extensions\Microsoft.TestPlatform.TestHostRuntimeProvider.dll
TpTrace Verbose: 0 : 3708, 1, 2024/11/18, 14:17:55.443, 2543553617249, vstest.console.dll, MetadataReaderExtensionsHelper: Discovering extensions inside assembly 'Microsoft.TestPlatform.TestHostRuntimeProvider, Version=15.0.0.0, Culture=neutral, PublicKeyToken=b03f5f7f11d50a3a' file path 'C:\Program Files\dotnet\sdk\9.0.100\Extensions\Microsoft.TestPlatform.TestHostRuntimeProvider.dll'
TpTrace Information: 0 : 3708, 1, 2024/11/18, 14:17:55.445, 2543553635794, vstest.console.dll, GetTestExtensionFromType: Register extension with identifier data 'HostProvider://DefaultTestHost' and type 'Microsoft.VisualStudio.TestPlatform.CrossPlatEngine.Hosting.DefaultTestHostManager, Microsoft.TestPlatform.TestHostRuntimeProvider, Version=15.0.0.0, Culture=neutral, PublicKeyToken=b03f5f7f11d50a3a' inside file 'C:\Program Files\dotnet\sdk\9.0.100\Extensions\Microsoft.TestPlatform.TestHostRuntimeProvider.dll'
TpTrace Information: 0 : 3708, 1, 2024/11/18, 14:17:55.445, 2543553640305, vstest.console.dll, GetTestExtensionFromType: Register extension with identifier data 'HostProvider://DotnetTestHost' and type 'Microsoft.VisualStudio.TestPlatform.CrossPlatEngine.Hosting.DotnetTestHostManager, Microsoft.TestPlatform.TestHostRuntimeProvider, Version=15.0.0.0, Culture=neutral, PublicKeyToken=b03f5f7f11d50a3a' inside file 'C:\Program Files\dotnet\sdk\9.0.100\Extensions\Microsoft.TestPlatform.TestHostRuntimeProvider.dll'
TpTrace Information: 0 : 3708, 1, 2024/11/18, 14:17:55.445, 2543553641305, vstest.console.dll, AssemblyResolver.OnResolve: Microsoft.VisualStudio.TestPlatform.Extensions.Html.TestLogger: Resolving assembly.
TpTrace Information: 0 : 3708, 1, 2024/11/18, 14:17:55.445, 2543553642015, vstest.console.dll, AssemblyResolver.OnResolve: Microsoft.VisualStudio.TestPlatform.Extensions.Html.TestLogger: Searching in: 'C:\Program Files\dotnet\sdk\9.0.100\Extensions'.
TpTrace Information: 0 : 3708, 1, 2024/11/18, 14:17:55.446, 2543553647127, vstest.console.dll, AssemblyResolver.OnResolve: Microsoft.VisualStudio.TestPlatform.Extensions.Html.TestLogger: Loading assembly 'C:\Program Files\dotnet\sdk\9.0.100\Extensions\Microsoft.VisualStudio.TestPlatform.Extensions.Html.TestLogger.dll'.
TpTrace Information: 0 : 3708, 1, 2024/11/18, 14:17:55.446, 2543553654498, vstest.console.dll, AssemblyResolver.OnResolve: Resolved assembly: Microsoft.VisualStudio.TestPlatform.Extensions.Html.TestLogger, from path: C:\Program Files\dotnet\sdk\9.0.100\Extensions\Microsoft.VisualStudio.TestPlatform.Extensions.Html.TestLogger.dll
TpTrace Verbose: 0 : 3708, 1, 2024/11/18, 14:17:55.447, 2543553656087, vstest.console.dll, MetadataReaderExtensionsHelper: Discovering extensions inside assembly 'Microsoft.VisualStudio.TestPlatform.Extensions.Html.TestLogger, Version=15.0.0.0, Culture=neutral, PublicKeyToken=b03f5f7f11d50a3a' file path 'C:\Program Files\dotnet\sdk\9.0.100\Extensions\Microsoft.VisualStudio.TestPlatform.Extensions.Html.TestLogger.dll'
TpTrace Information: 0 : 3708, 1, 2024/11/18, 14:17:55.448, 2543553668950, vstest.console.dll, AssemblyResolver.OnResolve: Microsoft.VisualStudio.TestPlatform.Extensions.Trx.TestLogger: Resolving assembly.
TpTrace Information: 0 : 3708, 1, 2024/11/18, 14:17:55.448, 2543553670104, vstest.console.dll, AssemblyResolver.OnResolve: Microsoft.VisualStudio.TestPlatform.Extensions.Trx.TestLogger: Searching in: 'C:\Program Files\dotnet\sdk\9.0.100\Extensions'.
TpTrace Information: 0 : 3708, 1, 2024/11/18, 14:17:55.448, 2543553673449, vstest.console.dll, AssemblyResolver.OnResolve: Microsoft.VisualStudio.TestPlatform.Extensions.Trx.TestLogger: Loading assembly 'C:\Program Files\dotnet\sdk\9.0.100\Extensions\Microsoft.VisualStudio.TestPlatform.Extensions.Trx.TestLogger.dll'.
TpTrace Information: 0 : 3708, 1, 2024/11/18, 14:17:55.449, 2543553677895, vstest.console.dll, AssemblyResolver.OnResolve: Resolved assembly: Microsoft.VisualStudio.TestPlatform.Extensions.Trx.TestLogger, from path: C:\Program Files\dotnet\sdk\9.0.100\Extensions\Microsoft.VisualStudio.TestPlatform.Extensions.Trx.TestLogger.dll
TpTrace Verbose: 0 : 3708, 1, 2024/11/18, 14:17:55.449, 2543553678750, vstest.console.dll, MetadataReaderExtensionsHelper: Discovering extensions inside assembly 'Microsoft.VisualStudio.TestPlatform.Extensions.Trx.TestLogger, Version=15.0.0.0, Culture=neutral, PublicKeyToken=b03f5f7f11d50a3a' file path 'C:\Program Files\dotnet\sdk\9.0.100\Extensions\Microsoft.VisualStudio.TestPlatform.Extensions.Trx.TestLogger.dll'
TpTrace Verbose: 0 : 3708, 1, 2024/11/18, 14:17:55.450, 2543553690853, vstest.console.dll, TestPluginCache: Discovered the extensions using extension path ''.
TpTrace Verbose: 0 : 3708, 1, 2024/11/18, 14:17:55.450, 2543553691798, vstest.console.dll, TestPluginCache: Discoverers are ''.
TpTrace Verbose: 0 : 3708, 1, 2024/11/18, 14:17:55.450, 2543553692240, vstest.console.dll, TestPluginCache: Executors are ''.
TpTrace Verbose: 0 : 3708, 1, 2024/11/18, 14:17:55.450, 2543553692636, vstest.console.dll, TestPluginCache: Executors2 are ''.
TpTrace Verbose: 0 : 3708, 1, 2024/11/18, 14:17:55.450, 2543553693019, vstest.console.dll, TestPluginCache: Setting providers are ''.
TpTrace Verbose: 0 : 3708, 1, 2024/11/18, 14:17:55.450, 2543553693416, vstest.console.dll, TestPluginCache: Loggers are ''.
TpTrace Verbose: 0 : 3708, 1, 2024/11/18, 14:17:55.451, 2543553695756, vstest.console.dll, TestPluginCache: TestHosts are 'HostProvider://DefaultTestHost,HostProvider://DotnetTestHost'.
TpTrace Verbose: 0 : 3708, 1, 2024/11/18, 14:17:55.451, 2543553696261, vstest.console.dll, TestPluginCache: DataCollectors are ''.
TpTrace Information: 0 : 3708, 1, 2024/11/18, 14:17:55.468, 2543553874285, vstest.console.dll, RunTestsArgumentProcessor:Execute: Test run is starting.
TpTrace Verbose: 0 : 3708, 1, 2024/11/18, 14:17:55.469, 2543553875825, vstest.console.dll, RunTestsArgumentProcessor:Execute: Queuing Test run.
TpTrace Information: 0 : 3708, 1, 2024/11/18, 14:17:55.469, 2543553880738, vstest.console.dll, TestRequestManager.RunTests: run tests started.
TpTrace Information: 0 : 3708, 1, 2024/11/18, 14:17:55.472, 2543553905193, vstest.console.dll, AssemblyMetadataProvider.GetFrameworkName: Determined framework:'.NETCoreApp,Version=v8.0' for source: 'C:\Users\johan\OneDrive\Dokument\Systemutveckling\Avancerad programmering\CleanArchitectureDemo\Test\bin\Debug\net8.0\fine-code-coverage\build-output\Test.dll'
TpTrace Information: 0 : 3708, 1, 2024/11/18, 14:17:55.472, 2543553909092, vstest.console.dll, Determined framework for all sources: .NETCoreApp,Version=v8.0
TpTrace Verbose: 0 : 3708, 1, 2024/11/18, 14:17:55.473, 2543553915227, vstest.console.dll, TestRequestManager.UpdateRunSettingsIfRequired: Default architecture: X64 IsDefaultTargetArchitecture: True, Current process architecture: X64 OperatingSystem: Windows.
TpTrace Information: 0 : 3708, 1, 2024/11/18, 14:17:55.475, 2543553936042, vstest.console.dll, AssemblyMetadataProvider.GetArchitecture: Determined architecture:AnyCPU info for assembly: C:\Users\johan\OneDrive\Dokument\Systemutveckling\Avancerad programmering\CleanArchitectureDemo\Test\bin\Debug\net8.0\fine-code-coverage\build-output\Test.dll
TpTrace Information: 0 : 3708, 1, 2024/11/18, 14:17:55.475, 2543553936951, vstest.console.dll, Determined platform for source 'C:\Users\johan\OneDrive\Dokument\Systemutveckling\Avancerad programmering\CleanArchitectureDemo\Test\bin\Debug\net8.0\fine-code-coverage\build-output\Test.dll' was AnyCPU and it will use the default plaform X64.
TpTrace Information: 0 : 3708, 1, 2024/11/18, 14:17:55.475, 2543553937408, vstest.console.dll, None of the sources provided any runnable platform, using the default platform: X64
TpTrace Information: 0 : 3708, 1, 2024/11/18, 14:17:55.475, 2543553938596, vstest.console.dll, Platform was updated to 'X64'.
TpTrace Information: 0 : 3708, 1, 2024/11/18, 14:17:55.479, 2543553976308, vstest.console.dll, InferRunSettingsHelper.IsTestSettingsEnabled: Unable to navigate to RunSettings/MSTest. Current node: RunSettings
TpTrace Information: 0 : 3708, 1, 2024/11/18, 14:17:55.479, 2543553984424, vstest.console.dll, AssemblyResolver.OnResolve: Microsoft.VisualStudio.TestPlatform.Fakes: Resolving assembly.
TpTrace Information: 0 : 3708, 1, 2024/11/18, 14:17:55.480, 2543553985375, vstest.console.dll, AssemblyResolver.OnResolve: Microsoft.VisualStudio.TestPlatform.Fakes: Searching in: 'C:\Program Files\dotnet\sdk\9.0.100\Extensions'.
TpTrace Information: 0 : 3708, 1, 2024/11/18, 14:17:55.480, 2543553986944, vstest.console.dll, AssemblyResolver.OnResolve: Microsoft.VisualStudio.TestPlatform.Fakes: Assembly path does not exist: 'C:\Program Files\dotnet\sdk\9.0.100\Extensions\Microsoft.VisualStudio.TestPlatform.Fakes.dll', returning.
TpTrace Information: 0 : 3708, 1, 2024/11/18, 14:17:55.480, 2543553987901, vstest.console.dll, AssemblyResolver.OnResolve: Microsoft.VisualStudio.TestPlatform.Fakes: Assembly path does not exist: 'C:\Program Files\dotnet\sdk\9.0.100\Extensions\Microsoft.VisualStudio.TestPlatform.Fakes.exe', returning.
TpTrace Information: 0 : 3708, 1, 2024/11/18, 14:17:55.480, 2543553988376, vstest.console.dll, AssemblyResolver.OnResolve: Microsoft.VisualStudio.TestPlatform.Fakes: Searching in: 'C:\Program Files\dotnet\sdk\9.0.100'.
TpTrace Information: 0 : 3708, 1, 2024/11/18, 14:17:55.480, 2543553989405, vstest.console.dll, AssemblyResolver.OnResolve: Microsoft.VisualStudio.TestPlatform.Fakes: Assembly path does not exist: 'C:\Program Files\dotnet\sdk\9.0.100\Microsoft.VisualStudio.TestPlatform.Fakes.dll', returning.
TpTrace Information: 0 : 3708, 1, 2024/11/18, 14:17:55.480, 2543553990300, vstest.console.dll, AssemblyResolver.OnResolve: Microsoft.VisualStudio.TestPlatform.Fakes: Assembly path does not exist: 'C:\Program Files\dotnet\sdk\9.0.100\Microsoft.VisualStudio.TestPlatform.Fakes.exe', returning.
TpTrace Information: 0 : 3708, 1, 2024/11/18, 14:17:55.480, 2543553990800, vstest.console.dll, AssemblyResolver.OnResolve: Microsoft.VisualStudio.TestPlatform.Fakes: Failed to load assembly.
TpTrace Information: 0 : 3708, 1, 2024/11/18, 14:17:55.480, 2543553994059, vstest.console.dll, Failed to load assembly Microsoft.VisualStudio.TestPlatform.Fakes, Version=17.0.0.0, Culture=neutral. Reason:System.IO.FileNotFoundException: Could not load file or assembly 'Microsoft.VisualStudio.TestPlatform.Fakes, Version=17.0.0.0, Culture=neutral, PublicKeyToken=null'. Det går inte att hitta filen.
File name: 'Microsoft.VisualStudio.TestPlatform.Fakes, Version=17.0.0.0, Culture=neutral, PublicKeyToken=null'
   at System.Reflection.RuntimeAssembly.InternalLoad(AssemblyName assemblyName, StackCrawlMark& stackMark, AssemblyLoadContext assemblyLoadContext, RuntimeAssembly requestingAssembly, Boolean throwOnFileNotFound)
   at System.Reflection.Assembly.Load(AssemblyName assemblyRef)
   at Microsoft.VisualStudio.TestPlatform.Common.Utilities.FakesUtilities.LoadTestPlatformAssembly() in /_/src/Microsoft.TestPlatform.Common/Utilities/FakesUtilities.cs:line 273
TpTrace Verbose: 0 : 3708, 1, 2024/11/18, 14:17:55.484, 2543554031226, vstest.console.dll, TestPluginCache.DiscoverTestExtensions: finding test extensions in assemblies ends with: TestLogger.dll TPluginInfo: Microsoft.VisualStudio.TestPlatform.Common.ExtensionFramework.Utilities.TestLoggerPluginInformation TExtension: Microsoft.VisualStudio.TestPlatform.ObjectModel.Client.ITestLogger
TpTrace Verbose: 0 : 3708, 1, 2024/11/18, 14:17:55.484, 2543554032537, vstest.console.dll, TestPluginCache.GetExtensionPaths: Filtered extension paths: 
TpTrace Verbose: 0 : 3708, 1, 2024/11/18, 14:17:55.484, 2543554033045, vstest.console.dll, TestPluginCache.GetExtensionPaths: Added default extension paths: C:\Program Files\dotnet\sdk\9.0.100\Extensions\Microsoft.Diagnostics.NETCore.Client.dll
C:\Program Files\dotnet\sdk\9.0.100\Extensions\Microsoft.TestPlatform.Extensions.BlameDataCollector.dll
C:\Program Files\dotnet\sdk\9.0.100\Extensions\Microsoft.TestPlatform.Extensions.EventLogCollector.dll
C:\Program Files\dotnet\sdk\9.0.100\Extensions\Microsoft.TestPlatform.TestHostRuntimeProvider.dll
C:\Program Files\dotnet\sdk\9.0.100\Extensions\Microsoft.VisualStudio.TestPlatform.Extensions.Html.TestLogger.dll
C:\Program Files\dotnet\sdk\9.0.100\Extensions\Microsoft.VisualStudio.TestPlatform.Extensions.Trx.TestLogger.dll
TpTrace Verbose: 0 : 3708, 1, 2024/11/18, 14:17:55.484, 2543554033499, vstest.console.dll, TestPluginCache.GetExtensionPaths: Added unfilterableExtensionPaths: 
TpTrace Information: 0 : 3708, 1, 2024/11/18, 14:17:55.485, 2543554035188, vstest.console.dll, AssemblyResolver.AddSearchDirectories: Adding more searchDirectories C:\Program Files\dotnet\sdk\9.0.100\Extensions,C:\Program Files\dotnet\sdk\9.0.100
TpTrace Verbose: 0 : 3708, 1, 2024/11/18, 14:17:55.485, 2543554035757, vstest.console.dll, TestPluginCache.DiscoverTestExtensions: Discovering the extensions using extension path.
TpTrace Verbose: 0 : 3708, 1, 2024/11/18, 14:17:55.485, 2543554036312, vstest.console.dll, TestPluginCache.GetExtensionPaths: Filtered extension paths: 
TpTrace Verbose: 0 : 3708, 1, 2024/11/18, 14:17:55.485, 2543554037804, vstest.console.dll, TestPluginCache.GetExtensionPaths: Added default extension paths: C:\Program Files\dotnet\sdk\9.0.100\Extensions\Microsoft.Diagnostics.NETCore.Client.dll
C:\Program Files\dotnet\sdk\9.0.100\Extensions\Microsoft.TestPlatform.Extensions.BlameDataCollector.dll
C:\Program Files\dotnet\sdk\9.0.100\Extensions\Microsoft.TestPlatform.Extensions.EventLogCollector.dll
C:\Program Files\dotnet\sdk\9.0.100\Extensions\Microsoft.TestPlatform.TestHostRuntimeProvider.dll
C:\Program Files\dotnet\sdk\9.0.100\Extensions\Microsoft.VisualStudio.TestPlatform.Extensions.Html.TestLogger.dll
C:\Program Files\dotnet\sdk\9.0.100\Extensions\Microsoft.VisualStudio.TestPlatform.Extensions.Trx.TestLogger.dll
TpTrace Verbose: 0 : 3708, 1, 2024/11/18, 14:17:55.485, 2543554038597, vstest.console.dll, TestPluginCache.GetExtensionPaths: Added unfilterableExtensionPaths: 
TpTrace Verbose: 0 : 3708, 1, 2024/11/18, 14:17:55.485, 2543554039137, vstest.console.dll, TestPluginCache.DiscoverTestExtensions: Discovering the extensions using allExtensionPaths: C:\Program Files\dotnet\sdk\9.0.100\Extensions\Microsoft.Diagnostics.NETCore.Client.dll
C:\Program Files\dotnet\sdk\9.0.100\Extensions\Microsoft.TestPlatform.Extensions.BlameDataCollector.dll
C:\Program Files\dotnet\sdk\9.0.100\Extensions\Microsoft.TestPlatform.Extensions.EventLogCollector.dll
C:\Program Files\dotnet\sdk\9.0.100\Extensions\Microsoft.TestPlatform.TestHostRuntimeProvider.dll
C:\Program Files\dotnet\sdk\9.0.100\Extensions\Microsoft.VisualStudio.TestPlatform.Extensions.Html.TestLogger.dll
C:\Program Files\dotnet\sdk\9.0.100\Extensions\Microsoft.VisualStudio.TestPlatform.Extensions.Trx.TestLogger.dll
TpTrace Information: 0 : 3708, 1, 2024/11/18, 14:17:55.485, 2543554040640, vstest.console.dll, AssemblyResolver.AddSearchDirectories: Adding more searchDirectories C:\Program Files\dotnet\sdk\9.0.100\Extensions,C:\Program Files\dotnet\sdk\9.0.100
TpTrace Information: 0 : 3708, 1, 2024/11/18, 14:17:55.485, 2543554041341, vstest.console.dll, AssemblyResolver.AddSearchDirectories: Adding more searchDirectories C:\Program Files\dotnet\sdk\9.0.100\Extensions,C:\Program Files\dotnet\sdk\9.0.100
TpTrace Information: 0 : 3708, 1, 2024/11/18, 14:17:55.485, 2543554041843, vstest.console.dll, AssemblyResolver.AddSearchDirectories: Adding more searchDirectories C:\Program Files\dotnet\sdk\9.0.100\Extensions,C:\Program Files\dotnet\sdk\9.0.100
TpTrace Information: 0 : 3708, 1, 2024/11/18, 14:17:55.485, 2543554042335, vstest.console.dll, AssemblyResolver.AddSearchDirectories: Adding more searchDirectories C:\Program Files\dotnet\sdk\9.0.100\Extensions,C:\Program Files\dotnet\sdk\9.0.100
TpTrace Information: 0 : 3708, 1, 2024/11/18, 14:17:55.485, 2543554042877, vstest.console.dll, AssemblyResolver.AddSearchDirectories: Adding more searchDirectories C:\Program Files\dotnet\sdk\9.0.100\Extensions,C:\Program Files\dotnet\sdk\9.0.100
TpTrace Information: 0 : 3708, 1, 2024/11/18, 14:17:55.485, 2543554043351, vstest.console.dll, AssemblyResolver.AddSearchDirectories: Adding more searchDirectories C:\Program Files\dotnet\sdk\9.0.100\Extensions,C:\Program Files\dotnet\sdk\9.0.100
TpTrace Verbose: 0 : 3708, 1, 2024/11/18, 14:17:55.485, 2543554044940, vstest.console.dll, MetadataReaderExtensionsHelper: Discovering extensions inside assembly 'Microsoft.Diagnostics.NETCore.Client, Version=0.2.10.41601, Culture=neutral, PublicKeyToken=31bf3856ad364e35' file path 'C:\Program Files\dotnet\sdk\9.0.100\Extensions\Microsoft.Diagnostics.NETCore.Client.dll'
TpTrace Information: 0 : 3708, 1, 2024/11/18, 14:17:55.487, 2543554056427, vstest.console.dll, AssemblyResolver.OnResolve: Microsoft.Bcl.AsyncInterfaces: Resolving assembly.
TpTrace Information: 0 : 3708, 1, 2024/11/18, 14:17:55.487, 2543554057324, vstest.console.dll, AssemblyResolver.OnResolve: Microsoft.Bcl.AsyncInterfaces: Resolved from cache.
TpTrace Verbose: 0 : 3708, 1, 2024/11/18, 14:17:55.487, 2543554057785, vstest.console.dll, CurrentDomainAssemblyResolve: Resolving assembly 'Microsoft.Bcl.AsyncInterfaces'.
TpTrace Information: 0 : 3708, 1, 2024/11/18, 14:17:55.487, 2543554058450, vstest.console.dll, AssemblyResolver.OnResolve: Microsoft.Bcl.AsyncInterfaces: Resolving assembly.
TpTrace Information: 0 : 3708, 1, 2024/11/18, 14:17:55.487, 2543554058972, vstest.console.dll, AssemblyResolver.OnResolve: Microsoft.Bcl.AsyncInterfaces: Resolved from cache.
TpTrace Verbose: 0 : 3708, 1, 2024/11/18, 14:17:55.487, 2543554059393, vstest.console.dll, CurrentDomainAssemblyResolve: Resolving assembly 'Microsoft.Bcl.AsyncInterfaces'.
TpTrace Verbose: 0 : 3708, 1, 2024/11/18, 14:17:55.487, 2543554059792, vstest.console.dll, CurrentDomainAssemblyResolve: Failed to resolve assembly 'Microsoft.Bcl.AsyncInterfaces'.
TpTrace Verbose: 0 : 3708, 1, 2024/11/18, 14:17:55.487, 2543554061616, vstest.console.dll, CurrentDomainAssemblyResolve: Failed to resolve assembly 'Microsoft.Bcl.AsyncInterfaces'.
TpTrace Warning: 0 : 3708, 1, 2024/11/18, 14:17:55.488, 2543554066940, vstest.console.dll, TestPluginDiscoverer: Failed to get types from assembly 'Microsoft.Diagnostics.NETCore.Client, Version=0.2.10.41601, Culture=neutral, PublicKeyToken=31bf3856ad364e35'. Error: System.Reflection.ReflectionTypeLoadException: Unable to load one or more of the requested types.
Could not load file or assembly 'Microsoft.Bcl.AsyncInterfaces, Version=6.0.0.0, Culture=neutral, PublicKeyToken=cc7b13ffcd2ddd51'. Det går inte att hitta filen.
   at System.Reflection.RuntimeModule.GetDefinedTypes()
   at System.Reflection.RuntimeModule.GetTypes()
   at Microsoft.VisualStudio.TestPlatform.Common.ExtensionFramework.TestPluginDiscoverer.GetTestExtensionsFromAssembly[TPluginInfo,TExtension](Assembly assembly, Dictionary`2 pluginInfos, String filePath) in /_/src/Microsoft.TestPlatform.Common/ExtensionFramework/TestPluginDiscoverer.cs:line 159
System.IO.FileNotFoundException: Could not load file or assembly 'Microsoft.Bcl.AsyncInterfaces, Version=6.0.0.0, Culture=neutral, PublicKeyToken=cc7b13ffcd2ddd51'. Det går inte att hitta filen.
File name: 'Microsoft.Bcl.AsyncInterfaces, Version=6.0.0.0, Culture=neutral, PublicKeyToken=cc7b13ffcd2ddd51'
 ---> System.IO.FileNotFoundException: Could not load file or assembly 'Microsoft.Bcl.AsyncInterfaces, Culture=neutral, PublicKeyToken=null'. Det går inte att hitta filen.
File name: 'Microsoft.Bcl.AsyncInterfaces, Culture=neutral, PublicKeyToken=null'
   at System.Reflection.RuntimeAssembly.InternalLoad(AssemblyName assemblyName, StackCrawlMark& stackMark, AssemblyLoadContext assemblyLoadContext, RuntimeAssembly requestingAssembly, Boolean throwOnFileNotFound)
   at System.Reflection.Assembly.Load(AssemblyName assemblyRef)
   at Microsoft.VisualStudio.TestPlatform.Common.ExtensionFramework.TestPluginCache.CurrentDomainAssemblyResolve(Object sender, AssemblyResolveEventArgs args) in /_/src/Microsoft.TestPlatform.Common/ExtensionFramework/TestPluginCache.cs:line 514
   at System.Runtime.Loader.AssemblyLoadContext.GetFirstResolvedAssemblyFromResolvingEvent(AssemblyName assemblyName)
   at System.Runtime.Loader.AssemblyLoadContext.ResolveUsingEvent(AssemblyName assemblyName)
   at System.Runtime.Loader.AssemblyLoadContext.ResolveUsingResolvingEvent(IntPtr gchManagedAssemblyLoadContext, AssemblyName assemblyName)
TpTrace Warning: 0 : 3708, 1, 2024/11/18, 14:17:55.488, 2543554069214, vstest.console.dll, LoaderExceptions: System.IO.FileNotFoundException: Could not load file or assembly 'Microsoft.Bcl.AsyncInterfaces, Version=6.0.0.0, Culture=neutral, PublicKeyToken=cc7b13ffcd2ddd51'. Det går inte att hitta filen.
File name: 'Microsoft.Bcl.AsyncInterfaces, Version=6.0.0.0, Culture=neutral, PublicKeyToken=cc7b13ffcd2ddd51'
 ---> System.IO.FileNotFoundException: Could not load file or assembly 'Microsoft.Bcl.AsyncInterfaces, Culture=neutral, PublicKeyToken=null'. Det går inte att hitta filen.
File name: 'Microsoft.Bcl.AsyncInterfaces, Culture=neutral, PublicKeyToken=null'
   at System.Reflection.RuntimeAssembly.InternalLoad(AssemblyName assemblyName, StackCrawlMark& stackMark, AssemblyLoadContext assemblyLoadContext, RuntimeAssembly requestingAssembly, Boolean throwOnFileNotFound)
   at System.Reflection.Assembly.Load(AssemblyName assemblyRef)
   at Microsoft.VisualStudio.TestPlatform.Common.ExtensionFramework.TestPluginCache.CurrentDomainAssemblyResolve(Object sender, AssemblyResolveEventArgs args) in /_/src/Microsoft.TestPlatform.Common/ExtensionFramework/TestPluginCache.cs:line 514
   at System.Runtime.Loader.AssemblyLoadContext.GetFirstResolvedAssemblyFromResolvingEvent(AssemblyName assemblyName)
   at System.Runtime.Loader.AssemblyLoadContext.ResolveUsingEvent(AssemblyName assemblyName)
   at System.Runtime.Loader.AssemblyLoadContext.ResolveUsingResolvingEvent(IntPtr gchManagedAssemblyLoadContext, AssemblyName assemblyName)
TpTrace Verbose: 0 : 3708, 1, 2024/11/18, 14:17:55.488, 2543554070263, vstest.console.dll, MetadataReaderExtensionsHelper: Discovering extensions inside assembly 'Microsoft.TestPlatform.Extensions.BlameDataCollector, Version=15.0.0.0, Culture=neutral, PublicKeyToken=b03f5f7f11d50a3a' file path 'C:\Program Files\dotnet\sdk\9.0.100\Extensions\Microsoft.TestPlatform.Extensions.BlameDataCollector.dll'
TpTrace Information: 0 : 3708, 1, 2024/11/18, 14:17:55.489, 2543554076905, vstest.console.dll, GetTestExtensionFromType: Register extension with identifier data 'logger://Microsoft/TestPlatform/Extensions/Blame/v1' and type 'Microsoft.TestPlatform.Extensions.BlameDataCollector.BlameLogger, Microsoft.TestPlatform.Extensions.BlameDataCollector, Version=15.0.0.0, Culture=neutral, PublicKeyToken=b03f5f7f11d50a3a' inside file 'C:\Program Files\dotnet\sdk\9.0.100\Extensions\Microsoft.TestPlatform.Extensions.BlameDataCollector.dll'
TpTrace Verbose: 0 : 3708, 1, 2024/11/18, 14:17:55.489, 2543554077631, vstest.console.dll, MetadataReaderExtensionsHelper: Discovering extensions inside assembly 'Microsoft.TestPlatform.Extensions.EventLogCollector, Version=15.0.0.0, Culture=neutral, PublicKeyToken=b03f5f7f11d50a3a' file path 'C:\Program Files\dotnet\sdk\9.0.100\Extensions\Microsoft.TestPlatform.Extensions.EventLogCollector.dll'
TpTrace Verbose: 0 : 3708, 1, 2024/11/18, 14:17:55.489, 2543554084174, vstest.console.dll, MetadataReaderExtensionsHelper: Discovering extensions inside assembly 'Microsoft.TestPlatform.TestHostRuntimeProvider, Version=15.0.0.0, Culture=neutral, PublicKeyToken=b03f5f7f11d50a3a' file path 'C:\Program Files\dotnet\sdk\9.0.100\Extensions\Microsoft.TestPlatform.TestHostRuntimeProvider.dll'
TpTrace Verbose: 0 : 3708, 1, 2024/11/18, 14:17:55.490, 2543554087262, vstest.console.dll, MetadataReaderExtensionsHelper: Discovering extensions inside assembly 'Microsoft.VisualStudio.TestPlatform.Extensions.Html.TestLogger, Version=15.0.0.0, Culture=neutral, PublicKeyToken=b03f5f7f11d50a3a' file path 'C:\Program Files\dotnet\sdk\9.0.100\Extensions\Microsoft.VisualStudio.TestPlatform.Extensions.Html.TestLogger.dll'
TpTrace Information: 0 : 3708, 1, 2024/11/18, 14:17:55.490, 2543554094074, vstest.console.dll, GetTestExtensionFromType: Register extension with identifier data 'logger://Microsoft/TestPlatform/HtmlLogger/v1' and type 'Microsoft.VisualStudio.TestPlatform.Extensions.HtmlLogger.HtmlLogger, Microsoft.VisualStudio.TestPlatform.Extensions.Html.TestLogger, Version=15.0.0.0, Culture=neutral, PublicKeyToken=b03f5f7f11d50a3a' inside file 'C:\Program Files\dotnet\sdk\9.0.100\Extensions\Microsoft.VisualStudio.TestPlatform.Extensions.Html.TestLogger.dll'
TpTrace Verbose: 0 : 3708, 1, 2024/11/18, 14:17:55.490, 2543554094868, vstest.console.dll, MetadataReaderExtensionsHelper: Discovering extensions inside assembly 'Microsoft.VisualStudio.TestPlatform.Extensions.Trx.TestLogger, Version=15.0.0.0, Culture=neutral, PublicKeyToken=b03f5f7f11d50a3a' file path 'C:\Program Files\dotnet\sdk\9.0.100\Extensions\Microsoft.VisualStudio.TestPlatform.Extensions.Trx.TestLogger.dll'
TpTrace Information: 0 : 3708, 1, 2024/11/18, 14:17:55.491, 2543554099141, vstest.console.dll, GetTestExtensionFromType: Register extension with identifier data 'logger://Microsoft/TestPlatform/TrxLogger/v1' and type 'Microsoft.VisualStudio.TestPlatform.Extensions.TrxLogger.TrxLogger, Microsoft.VisualStudio.TestPlatform.Extensions.Trx.TestLogger, Version=15.0.0.0, Culture=neutral, PublicKeyToken=b03f5f7f11d50a3a' inside file 'C:\Program Files\dotnet\sdk\9.0.100\Extensions\Microsoft.VisualStudio.TestPlatform.Extensions.Trx.TestLogger.dll'
TpTrace Verbose: 0 : 3708, 1, 2024/11/18, 14:17:55.491, 2543554100156, vstest.console.dll, TestPluginCache: Discovered the extensions using extension path ''.
TpTrace Verbose: 0 : 3708, 1, 2024/11/18, 14:17:55.491, 2543554100623, vstest.console.dll, TestPluginCache: Discoverers are ''.
TpTrace Verbose: 0 : 3708, 1, 2024/11/18, 14:17:55.491, 2543554101016, vstest.console.dll, TestPluginCache: Executors are ''.
TpTrace Verbose: 0 : 3708, 1, 2024/11/18, 14:17:55.491, 2543554101402, vstest.console.dll, TestPluginCache: Executors2 are ''.
TpTrace Verbose: 0 : 3708, 1, 2024/11/18, 14:17:55.491, 2543554101784, vstest.console.dll, TestPluginCache: Setting providers are ''.
TpTrace Verbose: 0 : 3708, 1, 2024/11/18, 14:17:55.491, 2543554102781, vstest.console.dll, TestPluginCache: Loggers are 'logger://Microsoft/TestPlatform/Extensions/Blame/v1,logger://Microsoft/TestPlatform/HtmlLogger/v1,logger://Microsoft/TestPlatform/TrxLogger/v1'.
TpTrace Verbose: 0 : 3708, 1, 2024/11/18, 14:17:55.491, 2543554103697, vstest.console.dll, TestPluginCache: TestHosts are 'HostProvider://DefaultTestHost,HostProvider://DotnetTestHost'.
TpTrace Verbose: 0 : 3708, 1, 2024/11/18, 14:17:55.491, 2543554104256, vstest.console.dll, TestPluginCache: DataCollectors are ''.
TpTrace Information: 0 : 3708, 1, 2024/11/18, 14:17:55.492, 2543554114636, vstest.console.dll, TestPluginManager.CreateTestExtension: Attempting to load test extension: Microsoft.TestPlatform.Extensions.BlameDataCollector.BlameLogger
TpTrace Verbose: 0 : 3708, 1, 2024/11/18, 14:17:55.504, 2543554228268, vstest.console.dll, TestEngine: Initializing Parallel Execution as MaxCpuCount is set to: 1
TpTrace Information: 0 : 3708, 1, 2024/11/18, 14:17:55.506, 2543554246798, vstest.console.dll, TestPluginManager.CreateTestExtension: Attempting to load test extension: Microsoft.VisualStudio.TestPlatform.CrossPlatEngine.Hosting.DefaultTestHostManager
TpTrace Information: 0 : 3708, 1, 2024/11/18, 14:17:55.507, 2543554255466, vstest.console.dll, TestPluginManager.CreateTestExtension: Attempting to load test extension: Microsoft.VisualStudio.TestPlatform.CrossPlatEngine.Hosting.DotnetTestHostManager
TpTrace Verbose: 0 : 3708, 1, 2024/11/18, 14:17:55.507, 2543554258495, vstest.console.dll, TestHostManagerCallbacks.ctor: Forwarding output is enabled.
TpTrace Information: 0 : 3708, 1, 2024/11/18, 14:17:55.507, 2543554263704, vstest.console.dll, InferRunSettingsHelper.IsTestSettingsEnabled: Unable to navigate to RunSettings/MSTest. Current node: RunSettings
TpTrace Verbose: 0 : 3708, 1, 2024/11/18, 14:17:55.508, 2543554271516, vstest.console.dll, ParallelOperationManager.ClearSlots: Clearing all slots. Slots should accept more work: True
TpTrace Verbose: 0 : 3708, 1, 2024/11/18, 14:17:55.509, 2543554279924, vstest.console.dll, ParallelOperationManager.SetOccupiedSlotCount: Setting slot counts AvailableSlotCount = 1, OccupiedSlotCount = 0.
TpTrace Verbose: 0 : 3708, 1, 2024/11/18, 14:17:55.510, 2543554287612, vstest.console.dll, Occupied slots:

TpTrace Verbose: 0 : 3708, 1, 2024/11/18, 14:17:55.515, 2543554337932, vstest.console.dll, TestEngine.GetExecutionManager: Chosen execution manager 'Microsoft.VisualStudio.TestPlatform.CrossPlatEngine.Client.Parallel.ParallelProxyExecutionManager, Microsoft.TestPlatform.CrossPlatEngine, Version=15.0.0.0, Culture=neutral, PublicKeyToken=b03f5f7f11d50a3a' ParallelLevel '1'.
TpTrace Verbose: 0 : 3708, 1, 2024/11/18, 14:17:55.515, 2543554340756, vstest.console.dll, TestPlatform.GetSkipDefaultAdapters: Not skipping default adapters SkipDefaultAdapters was false.
TpTrace Verbose: 0 : 3708, 1, 2024/11/18, 14:17:55.517, 2543554360436, vstest.console.dll, TestRunRequest.ExecuteAsync: Creating test run request.
TpTrace Verbose: 0 : 3708, 1, 2024/11/18, 14:17:55.518, 2543554365898, vstest.console.dll, TestRunRequest.ExecuteAsync: Starting.
TpTrace Information: 0 : 3708, 1, 2024/11/18, 14:17:55.522, 2543554405255, vstest.console.dll, TestRunRequest.ExecuteAsync: Starting run with settings:TestRunCriteria:
   KeepAlive=False,FrequencyOfRunStatsChangeEvent=10,RunStatsChangeEventTimeout=00:00:01.5000000,TestCaseFilter=,TestExecutorLauncher=
   Settingsxml=<RunSettings>
  <RunConfiguration>
    <ResultsDirectory>C:\Users\johan\OneDrive\Dokument\Systemutveckling\Avancerad programmering\CleanArchitectureDemo\Test\bin\Debug\net8.0\fine-code-coverage\coverage-tool-output</ResultsDirectory>
    <TargetPlatform>X64</TargetPlatform>
    <TargetFrameworkVersion>.NETCoreApp,Version=v8.0</TargetFrameworkVersion>
    <DesignMode>False</DesignMode>
    <CollectSourceInformation>False</CollectSourceInformation>
  </RunConfiguration>
  <LoggerRunSettings>
    <Loggers>
      <Logger friendlyName="blame" enabled="True" />
      <Logger friendlyName="Console" uri="logger://microsoft/TestPlatform/ConsoleLogger/v1" assemblyQualifiedName="Microsoft.VisualStudio.TestPlatform.CommandLine.Internal.ConsoleLogger, vstest.console, Version=15.0.0.0, Culture=neutral, PublicKeyToken=b03f5f7f11d50a3a" codeBase="C:\Program Files\dotnet\sdk\9.0.100\vstest.console.dll" enabled="True" />
    </Loggers>
  </LoggerRunSettings>
  <DataCollectionRunSettings>
    <DataCollectors>
      <DataCollector friendlyName="blame" enabled="True">
        <Configuration>
          <ResultsDirectory>C:\Users\johan\OneDrive\Dokument\Systemutveckling\Avancerad programmering\CleanArchitectureDemo\Test\bin\Debug\net8.0\fine-code-coverage\coverage-tool-output</ResultsDirectory>
        </Configuration>
      </DataCollector>
    </DataCollectors>
  </DataCollectionRunSettings>
</RunSettings>

TpTrace Verbose: 0 : 3708, 1, 2024/11/18, 14:17:55.522, 2543554406738, vstest.console.dll, TestRunRequest.ExecuteAsync: Wait for the first run request is over.
TpTrace Verbose: 0 : 3708, 1, 2024/11/18, 14:17:55.522, 2543554411540, vstest.console.dll, MulticastDelegateUtilities.SafeInvoke: TestRun.TestRunStart: Invoking callbacks was skipped because there are no subscribers.
TpTrace Verbose: 0 : 3708, 4, 2024/11/18, 14:17:55.522, 2543554414360, vstest.console.dll, MulticastDelegateUtilities.SafeInvoke: InternalTestLoggerEvents.SendTestRunStart: Invoking callback 1/1 for Microsoft.VisualStudio.TestPlatform.CommandLine.Internal.ConsoleLogger., took 0 ms.
TpTrace Verbose: 0 : 3708, 1, 2024/11/18, 14:17:55.524, 2543554429808, vstest.console.dll, ParallelProxyExecutionManager: Start execution. Total sources: 1
TpTrace Verbose: 0 : 3708, 1, 2024/11/18, 14:17:55.524, 2543554434322, vstest.console.dll, ParallelOperationManager.StartWork: Starting adding 1 workloads.
TpTrace Verbose: 0 : 3708, 1, 2024/11/18, 14:17:55.525, 2543554435235, vstest.console.dll, ParallelOperationManager.ClearSlots: Clearing all slots. Slots should accept more work: True
TpTrace Verbose: 0 : 3708, 1, 2024/11/18, 14:17:55.525, 2543554436191, vstest.console.dll, ParallelOperationManager.SetOccupiedSlotCount: Setting slot counts AvailableSlotCount = 1, OccupiedSlotCount = 0.
TpTrace Verbose: 0 : 3708, 1, 2024/11/18, 14:17:55.525, 2543554436772, vstest.console.dll, Occupied slots:

TpTrace Verbose: 0 : 3708, 1, 2024/11/18, 14:17:55.528, 2543554467719, vstest.console.dll, TestHostManagerCallbacks.ctor: Forwarding output is enabled.
TpTrace Verbose: 0 : 3708, 1, 2024/11/18, 14:17:55.528, 2543554471671, vstest.console.dll, TestRequestSender is acting as server.
TpTrace Verbose: 0 : 3708, 1, 2024/11/18, 14:17:55.530, 2543554492262, vstest.console.dll, ParallelOperationManager.RunWorkInParallel: Adding 1 workload to slot, remaining workloads 0.
TpTrace Verbose: 0 : 3708, 1, 2024/11/18, 14:17:55.530, 2543554493772, vstest.console.dll, ParallelOperationManager.SetOccupiedSlotCount: Setting slot counts AvailableSlotCount = 0, OccupiedSlotCount = 1.
TpTrace Verbose: 0 : 3708, 1, 2024/11/18, 14:17:55.531, 2543554496038, vstest.console.dll, Occupied slots:
0: C:\Users\johan\OneDrive\Dokument\Systemutveckling\Avancerad programmering\CleanArchitectureDemo\Test\bin\Debug\net8.0\fine-code-coverage\build-output\Test.dll
TpTrace Verbose: 0 : 3708, 1, 2024/11/18, 14:17:55.533, 2543554521072, vstest.console.dll, ParallelOperationManager.RunWorkInParallel: Started host in slot number 0 for work (source): C:\Users\johan\OneDrive\Dokument\Systemutveckling\Avancerad programmering\CleanArchitectureDemo\Test\bin\Debug\net8.0\fine-code-coverage\build-output\Test.dll.
TpTrace Verbose: 0 : 3708, 5, 2024/11/18, 14:17:55.540, 2543554594962, vstest.console.dll, ParallelProxyExecutionManager.StartTestRunOnConcurrentManager: Initializing uninitialized client. Started clients: 0
TpTrace Verbose: 0 : 3708, 5, 2024/11/18, 14:17:55.541, 2543554598382, vstest.console.dll, DataCollectionRequestSender.InitializeCommunication : Initialize communication. 
TpTrace Verbose: 0 : 3708, 1, 2024/11/18, 14:17:55.544, 2543554635001, vstest.console.dll, ParallelOperationManager.RunWorkInParallel: We started 1 work items, which is the max parallel level. Won't start more work.
TpTrace Verbose: 0 : 3708, 1, 2024/11/18, 14:17:55.545, 2543554636592, vstest.console.dll, ParallelOperationManager.RunWorkInParallel: We started 1 work items in here, returning True.
TpTrace Information: 0 : 3708, 1, 2024/11/18, 14:17:55.545, 2543554637454, vstest.console.dll, TestRunRequest.ExecuteAsync: Started.
TpTrace Verbose: 0 : 3708, 1, 2024/11/18, 14:17:55.552, 2543554711772, vstest.console.dll, TestRunRequest.WaitForCompletion: Waiting with timeout -1.
TpTrace Information: 0 : 3708, 5, 2024/11/18, 14:17:55.558, 2543554765730, vstest.console.dll, Listening on Endpoint : 127.0.0.1:53608
TpTrace Verbose: 0 : 3708, 5, 2024/11/18, 14:17:55.569, 2543554881590, vstest.console.dll, DotnetDataCollectionLauncher: Adding  --runtimeconfig "C:\Program Files\dotnet\sdk\9.0.100\datacollector.runtimeconfig.json" in args
TpTrace Verbose: 0 : 3708, 5, 2024/11/18, 14:17:55.569, 2543554883233, vstest.console.dll, DotnetDataCollectionLauncher: Adding  --depsfile "C:\Program Files\dotnet\sdk\9.0.100\datacollector.deps.json" in args
TpTrace Verbose: 0 : 3708, 5, 2024/11/18, 14:17:55.570, 2543554886031, vstest.console.dll, DotnetDataCollectionLauncher: Full path of dotnet.exe is C:\Program Files\dotnet\dotnet.exe
TpTrace Information: 0 : 3708, 5, 2024/11/18, 14:17:55.581, 2543554998477, vstest.console.dll, ProxyDataCollectionManager.Initialize: Launched datacollector processId: 9824 port: 53608
TpTrace Information: 0 : 3708, 5, 2024/11/18, 14:17:55.581, 2543555000552, vstest.console.dll, ProxyDataCollectionManager.Initialize: waiting for connection with timeout: 90 seconds
TpTrace Verbose: 0 : 3708, 5, 2024/11/18, 14:17:55.581, 2543555001747, vstest.console.dll, DataCollectionRequestSender.WaitForRequestHandlerConnection : Waiting for connection with timeout: 90000
TpTrace Verbose: 0 : 3708, 5, 2024/11/18, 14:17:55.817, 2543557362621, vstest.console.dll, SocketCommunicationManager.WaitForClientConnection took: 235 ms, with 90000 ms timeout, and finished with True.
TpTrace Verbose: 0 : 3708, 5, 2024/11/18, 14:17:55.818, 2543557365755, vstest.console.dll, ProxyDataCollectionManager.InvokeDataCollectionServiceAction: Starting.
TpTrace Information: 0 : 3708, 5, 2024/11/18, 14:17:55.818, 2543557367467, vstest.console.dll, ProxyDataCollectionManager.BeforeTestRunStart: Get environment variable and port for datacollector processId: 9824 port: 53608
TpTrace Information: 0 : 3708, 9, 2024/11/18, 14:17:55.818, 2543557368716, vstest.console.dll, Using the buffer size of 16384 bytes
TpTrace Verbose: 0 : 3708, 5, 2024/11/18, 14:17:55.818, 2543557369625, vstest.console.dll, DataCollectionRequestSender.SendBeforeTestRunStartAndGetResult: Send BeforeTestRunStart message with settingsXml <RunSettings><RunConfiguration><ResultsDirectory>C:\Users\johan\OneDrive\Dokument\Systemutveckling\Avancerad programmering\CleanArchitectureDemo\Test\bin\Debug\net8.0\fine-code-coverage\coverage-tool-output</ResultsDirectory><TargetPlatform>X64</TargetPlatform><TargetFrameworkVersion>.NETCoreApp,Version=v8.0</TargetFrameworkVersion><DesignMode>False</DesignMode><CollectSourceInformation>False</CollectSourceInformation><TestAdaptersPaths>C:\Program Files\dotnet\sdk\9.0.100\Extensions</TestAdaptersPaths></RunConfiguration><LoggerRunSettings><Loggers><Logger friendlyName="blame" enabled="True" /><Logger friendlyName="Console" uri="logger://microsoft/TestPlatform/ConsoleLogger/v1" assemblyQualifiedName="Microsoft.VisualStudio.TestPlatform.CommandLine.Internal.ConsoleLogger, vstest.console, Version=15.0.0.0, Culture=neutral, PublicKeyToken=b03f5f7f11d50a3a" codeBase="C:\Program Files\dotnet\sdk\9.0.100\vstest.console.dll" enabled="True" /></Loggers></LoggerRunSettings><DataCollectionRunSettings><DataCollectors><DataCollector friendlyName="blame" enabled="True"><Configuration><ResultsDirectory>C:\Users\johan\OneDrive\Dokument\Systemutveckling\Avancerad programmering\CleanArchitectureDemo\Test\bin\Debug\net8.0\fine-code-coverage\coverage-tool-output</ResultsDirectory></Configuration></DataCollector></DataCollectors></DataCollectionRunSettings></RunSettings> and sources System.Collections.Generic.List`1[System.String]: 
TpTrace Information: 0 : 3708, 9, 2024/11/18, 14:17:55.818, 2543557371946, vstest.console.dll, Accepted Client request and set the flag
TpTrace Verbose: 0 : 3708, 5, 2024/11/18, 14:17:55.928, 2543558470970, vstest.console.dll, DataCollectionRequestSender.SendBeforeTestRunStartAndGetResult: Received message: (DataCollection.SendMessage) -> {"MessageType":"DataCollection.SendMessage","Payload":{"FriendlyName":null,"Uri":null,"TestCaseId":"00000000-0000-0000-0000-000000000000","Message":"Logging DataCollector Diagnostics in file: C:\\Users\\johan\\OneDrive\\Dokument\\Systemutveckling\\Avancerad programmering\\CleanArchitectureDemo\\Test\\bin\\Debug\\net8.0\\fine-code-coverage\\coverage-tool-output\\diagnostics.datacollector.24-11-18_14-17-55_56928_5.log","Level":0}}
TpTrace Verbose: 0 : 3708, 5, 2024/11/18, 14:17:56.079, 2543559980608, vstest.console.dll, DataCollectionRequestSender.SendBeforeTestRunStartAndGetResult: Received message: (DataCollection.BeforeTestRunStartResult) -> {"MessageType":"DataCollection.BeforeTestRunStartResult","Payload":{"EnvironmentVariables":{},"DataCollectionEventsPort":53610}}
TpTrace Information: 0 : 3708, 5, 2024/11/18, 14:17:56.087, 2543560055834, vstest.console.dll, ProxyDataCollectionManager.BeforeTestRunStart: SendBeforeTestRunStartAndGetResult successful, env variable from datacollector:   and testhost port: 53610
TpTrace Information: 0 : 3708, 5, 2024/11/18, 14:17:56.087, 2543560057261, vstest.console.dll, ProxyDataCollectionManager.InvokeDataCollectionServiceAction: Completed.
TpTrace Verbose: 0 : 3708, 5, 2024/11/18, 14:17:56.087, 2543560057842, vstest.console.dll, ParallelProxyExecutionManager.StartTestRunOnConcurrentManager: Initializing test run. Started clients: 0
TpTrace Verbose: 0 : 3708, 5, 2024/11/18, 14:17:56.087, 2543560059236, vstest.console.dll, ProxyExecutionManager: Test host is always Lazy initialize.
TpTrace Verbose: 0 : 3708, 5, 2024/11/18, 14:17:56.087, 2543560061940, vstest.console.dll, TestRequestSender.InitializeCommunication: initialize communication. 
TpTrace Information: 0 : 3708, 5, 2024/11/18, 14:17:56.088, 2543560069742, vstest.console.dll, SocketServer.Start: Listening on endpoint : 127.0.0.1:53611
TpTrace Verbose: 0 : 3708, 5, 2024/11/18, 14:17:56.089, 2543560078738, vstest.console.dll, DotnetTestHostmanager.GetTestHostProcessStartInfo: Platform environment 'X64' target architecture 'X64' framework '.NETCoreApp,Version=v8.0' OS 'Windows'
TpTrace Verbose: 0 : 3708, 5, 2024/11/18, 14:17:56.089, 2543560082795, vstest.console.dll, DotnetTestHostmanager: Adding  --runtimeconfig "C:\Users\johan\OneDrive\Dokument\Systemutveckling\Avancerad programmering\CleanArchitectureDemo\Test\bin\Debug\net8.0\fine-code-coverage\build-output\Test.runtimeconfig.json" in args
TpTrace Verbose: 0 : 3708, 5, 2024/11/18, 14:17:56.089, 2543560084631, vstest.console.dll, DotnetTestHostmanager: Adding  --depsfile "C:\Users\johan\OneDrive\Dokument\Systemutveckling\Avancerad programmering\CleanArchitectureDemo\Test\bin\Debug\net8.0\fine-code-coverage\build-output\Test.deps.json" in args
TpTrace Verbose: 0 : 3708, 5, 2024/11/18, 14:17:56.090, 2543560087120, vstest.console.dll, DotnetTestHostmanager.IsWinOnArm: Current PROCESSOR_ARCHITECTURE from environment variable 'AMD64'
TpTrace Verbose: 0 : 3708, 5, 2024/11/18, 14:17:56.090, 2543560087982, vstest.console.dll, DotnetTestHostmanager.IsWinOnArm: Is Windows on ARM 'False'
TpTrace Verbose: 0 : 3708, 5, 2024/11/18, 14:17:56.090, 2543560089335, vstest.console.dll, DotnetTestHostManager: testhost.exe found at path: C:\Users\johan\OneDrive\Dokument\Systemutveckling\Avancerad programmering\CleanArchitectureDemo\Test\bin\Debug\net8.0\fine-code-coverage\build-output\testhost.exe
TpTrace Verbose: 0 : 3708, 5, 2024/11/18, 14:17:56.090, 2543560090030, vstest.console.dll, DotnetTestHostmanager: Full path of host exe is C:\Users\johan\OneDrive\Dokument\Systemutveckling\Avancerad programmering\CleanArchitectureDemo\Test\bin\Debug\net8.0\fine-code-coverage\build-output\testhost.exe
TpTrace Verbose: 0 : 3708, 5, 2024/11/18, 14:17:56.090, 2543560091828, vstest.console.dll, DotnetTestHostmanager.LaunchTestHostAsync: Found 'VSTEST_WINAPPHOST_DOTNET_ROOT' in env variables, value 'C:\Program Files\dotnet', forwarding to 'DOTNET_ROOT'
TpTrace Verbose: 0 : 3708, 5, 2024/11/18, 14:17:56.090, 2543560094278, vstest.console.dll, DotnetTestHostManager: Starting process 'C:\Users\johan\OneDrive\Dokument\Systemutveckling\Avancerad programmering\CleanArchitectureDemo\Test\bin\Debug\net8.0\fine-code-coverage\build-output\testhost.exe' with command line ' --runtimeconfig "C:\Users\johan\OneDrive\Dokument\Systemutveckling\Avancerad programmering\CleanArchitectureDemo\Test\bin\Debug\net8.0\fine-code-coverage\build-output\Test.runtimeconfig.json" --depsfile "C:\Users\johan\OneDrive\Dokument\Systemutveckling\Avancerad programmering\CleanArchitectureDemo\Test\bin\Debug\net8.0\fine-code-coverage\build-output\Test.deps.json" --port 53611 --endpoint 127.0.0.1:053611 --role client --parentprocessid 3708 --diag "C:\Users\johan\OneDrive\Dokument\Systemutveckling\Avancerad programmering\CleanArchitectureDemo\Test\bin\Debug\net8.0\fine-code-coverage\coverage-tool-output\diagnostics.host.24-11-18_14-17-56_08892_5.log" --tracelevel 4 --datacollectionport 53610 --telemetryoptedin false'
TpTrace Verbose: 0 : 3708, 5, 2024/11/18, 14:17:56.100, 2543560192677, vstest.console.dll, MulticastDelegateUtilities.SafeInvoke: HostProviderEvents.OnHostLaunched: Invoking callback 1/2 for Microsoft.VisualStudio.TestPlatform.CrossPlatEngine.Client.ProxyExecutionManagerWithDataCollection., took 1 ms.
TpTrace Verbose: 0 : 3708, 5, 2024/11/18, 14:17:56.101, 2543560198120, vstest.console.dll, Test Runtime launched
TpTrace Verbose: 0 : 3708, 5, 2024/11/18, 14:17:56.101, 2543560199587, vstest.console.dll, MulticastDelegateUtilities.SafeInvoke: HostProviderEvents.OnHostLaunched: Invoking callback 2/2 for Microsoft.VisualStudio.TestPlatform.CrossPlatEngine.Client.ProxyOperationManager., took 0 ms.
TpTrace Verbose: 0 : 3708, 5, 2024/11/18, 14:17:56.101, 2543560202484, vstest.console.dll, TestRequestSender.WaitForRequestHandlerConnection: waiting for connection with timeout: 90000.
TpTrace Verbose: 0 : 3708, 9, 2024/11/18, 14:17:56.356, 2543562749083, vstest.console.dll, MulticastDelegateUtilities.SafeInvoke: SocketServer: ClientConnected: Invoking callback 1/1 for Microsoft.VisualStudio.TestPlatform.CommunicationUtilities.TestRequestSender., took 0 ms.
TpTrace Verbose: 0 : 3708, 5, 2024/11/18, 14:17:56.356, 2543562749028, vstest.console.dll, TestRequestSender.WaitForRequestHandlerConnection: waiting took 254 ms, with timeout 90000 ms, and result 0, which is success.
TpTrace Verbose: 0 : 3708, 9, 2024/11/18, 14:17:56.356, 2543562751082, vstest.console.dll, SocketServer.OnClientConnected: Client connected for endPoint: 127.0.0.1:53611, starting MessageLoopAsync:
TpTrace Verbose: 0 : 3708, 9, 2024/11/18, 14:17:56.357, 2543562760207, vstest.console.dll, TcpClientExtensions.MessageLoopAsync: Polling on remoteEndPoint: 127.0.0.1:53612 localEndPoint: 127.0.0.1:53611 after 0 ms
TpTrace Verbose: 0 : 3708, 5, 2024/11/18, 14:17:56.358, 2543562767768, vstest.console.dll, TestRequestSender.CheckVersionWithTestHost: Sending check version message: {"MessageType":"ProtocolVersion","Payload":7}
TpTrace Verbose: 0 : 3708, 9, 2024/11/18, 14:17:56.497, 2543564161013, vstest.console.dll, TcpClientExtensions.MessageLoopAsync: NotifyDataAvailable remoteEndPoint: 127.0.0.1:53612 localEndPoint: 127.0.0.1:53611
TpTrace Verbose: 0 : 3708, 9, 2024/11/18, 14:17:56.497, 2543564164990, vstest.console.dll, TestRequestSender.CheckVersionWithTestHost: onMessageReceived received message: (ProtocolVersion) -> {"MessageType":"ProtocolVersion","Payload":7}
TpTrace Verbose: 0 : 3708, 9, 2024/11/18, 14:17:56.499, 2543564175228, vstest.console.dll, MulticastDelegateUtilities.SafeInvoke: LengthPrefixCommunicationChannel: MessageReceived: Invoking callback 1/1 for Microsoft.VisualStudio.TestPlatform.CommunicationUtilities.TestRequestSender+<>c__DisplayClass29_0., took 1 ms.
TpTrace Verbose: 0 : 3708, 9, 2024/11/18, 14:17:56.499, 2543564177134, vstest.console.dll, TcpClientExtensions.MessageLoopAsync: Polling on remoteEndPoint: 127.0.0.1:53612 localEndPoint: 127.0.0.1:53611 after 141 ms
TpTrace Verbose: 0 : 3708, 5, 2024/11/18, 14:17:56.499, 2543564177198, vstest.console.dll, TestPluginCache.GetExtensionPaths: Filtered extension paths: 
TpTrace Verbose: 0 : 3708, 5, 2024/11/18, 14:17:56.499, 2543564180018, vstest.console.dll, TestPluginCache.GetExtensionPaths: Added default extension paths: C:\Program Files\dotnet\sdk\9.0.100\Extensions\Microsoft.Diagnostics.NETCore.Client.dll
C:\Program Files\dotnet\sdk\9.0.100\Extensions\Microsoft.TestPlatform.Extensions.BlameDataCollector.dll
C:\Program Files\dotnet\sdk\9.0.100\Extensions\Microsoft.TestPlatform.Extensions.EventLogCollector.dll
C:\Program Files\dotnet\sdk\9.0.100\Extensions\Microsoft.TestPlatform.TestHostRuntimeProvider.dll
C:\Program Files\dotnet\sdk\9.0.100\Extensions\Microsoft.VisualStudio.TestPlatform.Extensions.Html.TestLogger.dll
C:\Program Files\dotnet\sdk\9.0.100\Extensions\Microsoft.VisualStudio.TestPlatform.Extensions.Trx.TestLogger.dll
TpTrace Verbose: 0 : 3708, 5, 2024/11/18, 14:17:56.499, 2543564180645, vstest.console.dll, TestPluginCache.GetExtensionPaths: Added unfilterableExtensionPaths: 
TpTrace Verbose: 0 : 3708, 5, 2024/11/18, 14:17:56.504, 2543564228981, vstest.console.dll, TestRequestSender.InitializeExecution: Sending initialize execution with message: {"Version":7,"MessageType":"TestExecution.Initialize","Payload":["C:\\Users\\johan\\OneDrive\\Dokument\\Systemutveckling\\Avancerad programmering\\CleanArchitectureDemo\\Test\\bin\\Debug\\net8.0\\fine-code-coverage\\build-output\\NUnit3.TestAdapter.dll"]}
TpTrace Verbose: 0 : 3708, 5, 2024/11/18, 14:17:56.504, 2543564232033, vstest.console.dll, ParallelProxyExecutionManager.StartTestRunOnConcurrentManager: Execution starting. Started clients: 1
TpTrace Verbose: 0 : 3708, 5, 2024/11/18, 14:17:56.505, 2543564238343, vstest.console.dll, TestRunRequest:SendTestRunMessage: Starting.
TpTrace Verbose: 0 : 3708, 5, 2024/11/18, 14:17:56.505, 2543564241062, vstest.console.dll, MulticastDelegateUtilities.SafeInvoke: TestRun.LogMessages: Invoking callback 1/1 for Microsoft.VisualStudio.TestPlatform.CommandLine.TestRunResultAggregator., took 0 ms.
TpTrace Verbose: 0 : 3708, 4, 2024/11/18, 14:17:56.505, 2543564241062, vstest.console.dll, MulticastDelegateUtilities.SafeInvoke: InternalTestLoggerEvents.SendTestRunMessage: Invoking callback 1/1 for Microsoft.VisualStudio.TestPlatform.CommandLine.Internal.ConsoleLogger., took 0 ms.
TpTrace Information: 0 : 3708, 5, 2024/11/18, 14:17:56.505, 2543564242277, vstest.console.dll, TestRunRequest:SendTestRunMessage: Completed.
TpTrace Warning: 0 : 3708, 5, 2024/11/18, 14:17:56.506, 2543564248614, vstest.console.dll, InferRunSettingsHelper.MakeRunsettingsCompatible: Removing the following settings: TargetPlatform from RunSettings file. To use those settings please move to latest version of Microsoft.NET.Test.Sdk
TpTrace Verbose: 0 : 3708, 9, 2024/11/18, 14:17:56.507, 2543564257996, vstest.console.dll, TcpClientExtensions.MessageLoopAsync: NotifyDataAvailable remoteEndPoint: 127.0.0.1:53612 localEndPoint: 127.0.0.1:53611
TpTrace Verbose: 0 : 3708, 9, 2024/11/18, 14:17:56.507, 2543564264500, vstest.console.dll, TestRequestSender.OnExecutionMessageReceived: Received message: {"Version":7,"MessageType":"TestSession.Message","Payload":{"MessageLevel":0,"Message":"Logging TestHost Diagnostics in file: C:\\Users\\johan\\OneDrive\\Dokument\\Systemutveckling\\Avancerad programmering\\CleanArchitectureDemo\\Test\\bin\\Debug\\net8.0\\fine-code-coverage\\coverage-tool-output\\diagnostics.host.24-11-18_14-17-56_08892_5.log"}}
TpTrace Verbose: 0 : 3708, 9, 2024/11/18, 14:17:56.513, 2543564316753, vstest.console.dll, TestRunRequest:SendTestRunMessage: Starting.
TpTrace Verbose: 0 : 3708, 9, 2024/11/18, 14:17:56.513, 2543564322695, vstest.console.dll, MulticastDelegateUtilities.SafeInvoke: TestRun.LogMessages: Invoking callback 1/1 for Microsoft.VisualStudio.TestPlatform.CommandLine.TestRunResultAggregator., took 0 ms.
TpTrace Verbose: 0 : 3708, 4, 2024/11/18, 14:17:56.513, 2543564322695, vstest.console.dll, MulticastDelegateUtilities.SafeInvoke: InternalTestLoggerEvents.SendTestRunMessage: Invoking callback 1/1 for Microsoft.VisualStudio.TestPlatform.CommandLine.Internal.ConsoleLogger., took 0 ms.
TpTrace Information: 0 : 3708, 9, 2024/11/18, 14:17:56.514, 2543564325183, vstest.console.dll, TestRunRequest:SendTestRunMessage: Completed.
TpTrace Verbose: 0 : 3708, 9, 2024/11/18, 14:17:56.514, 2543564326997, vstest.console.dll, MulticastDelegateUtilities.SafeInvoke: LengthPrefixCommunicationChannel: MessageReceived: Invoking callback 1/1 for Microsoft.VisualStudio.TestPlatform.CommunicationUtilities.TestRequestSender+<>c__DisplayClass34_0., took 6 ms.
TpTrace Verbose: 0 : 3708, 9, 2024/11/18, 14:17:56.514, 2543564327926, vstest.console.dll, TcpClientExtensions.MessageLoopAsync: Polling on remoteEndPoint: 127.0.0.1:53612 localEndPoint: 127.0.0.1:53611 after 14 ms
TpTrace Verbose: 0 : 3708, 5, 2024/11/18, 14:17:56.519, 2543564378969, vstest.console.dll, TestRequestSender.StartTestRun: Sending test run with message: {"Version":7,"MessageType":"TestExecution.StartWithSources","Payload":{"AdapterSourceMap":{"_none_":["C:\\Users\\johan\\OneDrive\\Dokument\\Systemutveckling\\Avancerad programmering\\CleanArchitectureDemo\\Test\\bin\\Debug\\net8.0\\fine-code-coverage\\build-output\\Test.dll"]},"RunSettings":"<RunSettings>\r\n  <RunConfiguration>\r\n    <ResultsDirectory>C:\\Users\\johan\\OneDrive\\Dokument\\Systemutveckling\\Avancerad programmering\\CleanArchitectureDemo\\Test\\bin\\Debug\\net8.0\\fine-code-coverage\\coverage-tool-output</ResultsDirectory>\r\n    <TargetFrameworkVersion>.NETCoreApp,Version=v8.0</TargetFrameworkVersion>\r\n    <DesignMode>False</DesignMode>\r\n    <CollectSourceInformation>False</CollectSourceInformation>\r\n  </RunConfiguration>\r\n  <LoggerRunSettings>\r\n    <Loggers>\r\n      <Logger friendlyName=\"blame\" enabled=\"True\" />\r\n      <Logger friendlyName=\"Console\" uri=\"logger://microsoft/TestPlatform/ConsoleLogger/v1\" assemblyQualifiedName=\"Microsoft.VisualStudio.TestPlatform.CommandLine.Internal.ConsoleLogger, vstest.console, Version=15.0.0.0, Culture=neutral, PublicKeyToken=b03f5f7f11d50a3a\" codeBase=\"C:\\Program Files\\dotnet\\sdk\\9.0.100\\vstest.console.dll\" enabled=\"True\" />\r\n    </Loggers>\r\n  </LoggerRunSettings>\r\n  <DataCollectionRunSettings>\r\n    <DataCollectors>\r\n      <DataCollector friendlyName=\"blame\" enabled=\"True\">\r\n        <Configuration>\r\n          <ResultsDirectory>C:\\Users\\johan\\OneDrive\\Dokument\\Systemutveckling\\Avancerad programmering\\CleanArchitectureDemo\\Test\\bin\\Debug\\net8.0\\fine-code-coverage\\coverage-tool-output</ResultsDirectory>\r\n        </Configuration>\r\n      </DataCollector>\r\n    </DataCollectors>\r\n  </DataCollectionRunSettings>\r\n</RunSettings>","TestExecutionContext":{"FrequencyOfRunStatsChangeEvent":10,"RunStatsChangeEventTimeout":"00:00:01.5000000","InIsolation":false,"KeepAlive":false,"AreTestCaseLevelEventsRequired":false,"IsDebug":false,"TestCaseFilter":null,"FilterOptions":null},"Package":null}}
TpTrace Verbose: 0 : 3708, 5, 2024/11/18, 14:17:56.519, 2543564382042, vstest.console.dll, ParallelProxyExecutionManager.StartTestRunOnConcurrentManager: Execution started. Started clients: 1
TpTrace Verbose: 0 : 3708, 9, 2024/11/18, 14:17:56.771, 2543566904673, vstest.console.dll, TcpClientExtensions.MessageLoopAsync: NotifyDataAvailable remoteEndPoint: 127.0.0.1:53612 localEndPoint: 127.0.0.1:53611
TpTrace Verbose: 0 : 3708, 9, 2024/11/18, 14:17:56.772, 2543566906836, vstest.console.dll, TestRequestSender.OnExecutionMessageReceived: Received message: {"Version":7,"MessageType":"TestSession.Message","Payload":{"MessageLevel":0,"Message":"NUnit Adapter 4.5.0.0: Test execution started"}}
TpTrace Verbose: 0 : 3708, 9, 2024/11/18, 14:17:56.772, 2543566911665, vstest.console.dll, TestRunRequest:SendTestRunMessage: Starting.
TpTrace Verbose: 0 : 3708, 9, 2024/11/18, 14:17:56.772, 2543566912981, vstest.console.dll, MulticastDelegateUtilities.SafeInvoke: TestRun.LogMessages: Invoking callback 1/1 for Microsoft.VisualStudio.TestPlatform.CommandLine.TestRunResultAggregator., took 0 ms.
TpTrace Verbose: 0 : 3708, 4, 2024/11/18, 14:17:56.772, 2543566913285, vstest.console.dll, MulticastDelegateUtilities.SafeInvoke: InternalTestLoggerEvents.SendTestRunMessage: Invoking callback 1/1 for Microsoft.VisualStudio.TestPlatform.CommandLine.Internal.ConsoleLogger., took 0 ms.
TpTrace Information: 0 : 3708, 9, 2024/11/18, 14:17:56.773, 2543566915543, vstest.console.dll, TestRunRequest:SendTestRunMessage: Completed.
TpTrace Verbose: 0 : 3708, 9, 2024/11/18, 14:17:56.773, 2543566916500, vstest.console.dll, MulticastDelegateUtilities.SafeInvoke: LengthPrefixCommunicationChannel: MessageReceived: Invoking callback 1/1 for Microsoft.VisualStudio.TestPlatform.CommunicationUtilities.TestRequestSender+<>c__DisplayClass34_0., took 0 ms.
TpTrace Verbose: 0 : 3708, 9, 2024/11/18, 14:17:56.773, 2543566917476, vstest.console.dll, TcpClientExtensions.MessageLoopAsync: Polling on remoteEndPoint: 127.0.0.1:53612 localEndPoint: 127.0.0.1:53611 after 258 ms
TpTrace Verbose: 0 : 3708, 9, 2024/11/18, 14:17:56.812, 2543567305356, vstest.console.dll, TcpClientExtensions.MessageLoopAsync: NotifyDataAvailable remoteEndPoint: 127.0.0.1:53612 localEndPoint: 127.0.0.1:53611
TpTrace Verbose: 0 : 3708, 9, 2024/11/18, 14:17:56.812, 2543567307966, vstest.console.dll, TestRequestSender.OnExecutionMessageReceived: Received message: {"Version":7,"MessageType":"TestSession.Message","Payload":{"MessageLevel":0,"Message":"Running all tests in C:\\Users\\johan\\OneDrive\\Dokument\\Systemutveckling\\Avancerad programmering\\CleanArchitectureDemo\\Test\\bin\\Debug\\net8.0\\fine-code-coverage\\build-output\\Test.dll"}}
TpTrace Verbose: 0 : 3708, 9, 2024/11/18, 14:17:56.812, 2543567310573, vstest.console.dll, TestRunRequest:SendTestRunMessage: Starting.
TpTrace Verbose: 0 : 3708, 9, 2024/11/18, 14:17:56.812, 2543567311983, vstest.console.dll, MulticastDelegateUtilities.SafeInvoke: TestRun.LogMessages: Invoking callback 1/1 for Microsoft.VisualStudio.TestPlatform.CommandLine.TestRunResultAggregator., took 0 ms.
TpTrace Verbose: 0 : 3708, 4, 2024/11/18, 14:17:56.812, 2543567312290, vstest.console.dll, MulticastDelegateUtilities.SafeInvoke: InternalTestLoggerEvents.SendTestRunMessage: Invoking callback 1/1 for Microsoft.VisualStudio.TestPlatform.CommandLine.Internal.ConsoleLogger., took 0 ms.
TpTrace Information: 0 : 3708, 9, 2024/11/18, 14:17:56.812, 2543567313019, vstest.console.dll, TestRunRequest:SendTestRunMessage: Completed.
TpTrace Verbose: 0 : 3708, 9, 2024/11/18, 14:17:56.812, 2543567314758, vstest.console.dll, MulticastDelegateUtilities.SafeInvoke: LengthPrefixCommunicationChannel: MessageReceived: Invoking callback 1/1 for Microsoft.VisualStudio.TestPlatform.CommunicationUtilities.TestRequestSender+<>c__DisplayClass34_0., took 0 ms.
TpTrace Verbose: 0 : 3708, 9, 2024/11/18, 14:17:56.813, 2543567315603, vstest.console.dll, TcpClientExtensions.MessageLoopAsync: Polling on remoteEndPoint: 127.0.0.1:53612 localEndPoint: 127.0.0.1:53611 after 39 ms
TpTrace Verbose: 0 : 3708, 9, 2024/11/18, 14:17:56.948, 2543568673230, vstest.console.dll, TcpClientExtensions.MessageLoopAsync: NotifyDataAvailable remoteEndPoint: 127.0.0.1:53612 localEndPoint: 127.0.0.1:53611
TpTrace Verbose: 0 : 3708, 9, 2024/11/18, 14:17:56.949, 2543568675564, vstest.console.dll, TestRequestSender.OnExecutionMessageReceived: Received message: {"Version":7,"MessageType":"TestSession.Message","Payload":{"MessageLevel":0,"Message":"   NUnit3TestExecutor discovered 4 of 4 NUnit test cases using Current Discovery mode, Non-Explicit run"}}
TpTrace Verbose: 0 : 3708, 9, 2024/11/18, 14:17:56.949, 2543568677691, vstest.console.dll, TestRunRequest:SendTestRunMessage: Starting.
TpTrace Verbose: 0 : 3708, 9, 2024/11/18, 14:17:56.949, 2543568678781, vstest.console.dll, MulticastDelegateUtilities.SafeInvoke: TestRun.LogMessages: Invoking callback 1/1 for Microsoft.VisualStudio.TestPlatform.CommandLine.TestRunResultAggregator., took 0 ms.
TpTrace Verbose: 0 : 3708, 4, 2024/11/18, 14:17:56.949, 2543568679059, vstest.console.dll, MulticastDelegateUtilities.SafeInvoke: InternalTestLoggerEvents.SendTestRunMessage: Invoking callback 1/1 for Microsoft.VisualStudio.TestPlatform.CommandLine.Internal.ConsoleLogger., took 0 ms.
TpTrace Information: 0 : 3708, 9, 2024/11/18, 14:17:56.949, 2543568681407, vstest.console.dll, TestRunRequest:SendTestRunMessage: Completed.
TpTrace Verbose: 0 : 3708, 9, 2024/11/18, 14:17:56.949, 2543568682283, vstest.console.dll, MulticastDelegateUtilities.SafeInvoke: LengthPrefixCommunicationChannel: MessageReceived: Invoking callback 1/1 for Microsoft.VisualStudio.TestPlatform.CommunicationUtilities.TestRequestSender+<>c__DisplayClass34_0., took 0 ms.
TpTrace Verbose: 0 : 3708, 9, 2024/11/18, 14:17:56.949, 2543568683265, vstest.console.dll, TcpClientExtensions.MessageLoopAsync: Polling on remoteEndPoint: 127.0.0.1:53612 localEndPoint: 127.0.0.1:53611 after 136 ms
TpTrace Verbose: 0 : 3708, 9, 2024/11/18, 14:17:57.080, 2543569989514, vstest.console.dll, TcpClientExtensions.MessageLoopAsync: NotifyDataAvailable remoteEndPoint: 127.0.0.1:53612 localEndPoint: 127.0.0.1:53611
TpTrace Verbose: 0 : 3708, 9, 2024/11/18, 14:17:57.080, 2543569992216, vstest.console.dll, TestRequestSender.OnExecutionMessageReceived: Received message: {"Version":7,"MessageType":"TestSession.Message","Payload":{"MessageLevel":1,"Message":"Give your book an ID:\r\nWhat’s the title of the book?\r\nAdd a description about your book:\r\n"}}
TpTrace Verbose: 0 : 3708, 9, 2024/11/18, 14:17:57.080, 2543569994672, vstest.console.dll, TestRunRequest:SendTestRunMessage: Starting.
TpTrace Verbose: 0 : 3708, 9, 2024/11/18, 14:17:57.081, 2543569995887, vstest.console.dll, MulticastDelegateUtilities.SafeInvoke: TestRun.LogMessages: Invoking callback 1/1 for Microsoft.VisualStudio.TestPlatform.CommandLine.TestRunResultAggregator., took 0 ms.
TpTrace Information: 0 : 3708, 9, 2024/11/18, 14:17:57.081, 2543569996591, vstest.console.dll, TestRunRequest:SendTestRunMessage: Completed.
TpTrace Verbose: 0 : 3708, 9, 2024/11/18, 14:17:57.081, 2543569997478, vstest.console.dll, MulticastDelegateUtilities.SafeInvoke: LengthPrefixCommunicationChannel: MessageReceived: Invoking callback 1/1 for Microsoft.VisualStudio.TestPlatform.CommunicationUtilities.TestRequestSender+<>c__DisplayClass34_0., took 0 ms.
TpTrace Verbose: 0 : 3708, 4, 2024/11/18, 14:17:57.081, 2543569998004, vstest.console.dll, MulticastDelegateUtilities.SafeInvoke: InternalTestLoggerEvents.SendTestRunMessage: Invoking callback 1/1 for Microsoft.VisualStudio.TestPlatform.CommandLine.Internal.ConsoleLogger., took 0 ms.
TpTrace Verbose: 0 : 3708, 9, 2024/11/18, 14:17:57.081, 2543569998315, vstest.console.dll, TcpClientExtensions.MessageLoopAsync: Polling on remoteEndPoint: 127.0.0.1:53612 localEndPoint: 127.0.0.1:53611 after 131 ms
TpTrace Verbose: 0 : 3708, 9, 2024/11/18, 14:17:57.128, 2543570466363, vstest.console.dll, TcpClientExtensions.MessageLoopAsync: NotifyDataAvailable remoteEndPoint: 127.0.0.1:53612 localEndPoint: 127.0.0.1:53611
TpTrace Verbose: 0 : 3708, 9, 2024/11/18, 14:17:57.128, 2543570468331, vstest.console.dll, TestRequestSender.OnExecutionMessageReceived: Received message: {"Version":7,"MessageType":"TestSession.Message","Payload":{"MessageLevel":1,"Message":"Update book title (current: Old Title): \r\nUpdate book description (current: Old description): \r\n"}}
TpTrace Verbose: 0 : 3708, 9, 2024/11/18, 14:17:57.128, 2543570470430, vstest.console.dll, TestRunRequest:SendTestRunMessage: Starting.
TpTrace Verbose: 0 : 3708, 9, 2024/11/18, 14:17:57.128, 2543570471524, vstest.console.dll, MulticastDelegateUtilities.SafeInvoke: TestRun.LogMessages: Invoking callback 1/1 for Microsoft.VisualStudio.TestPlatform.CommandLine.TestRunResultAggregator., took 0 ms.
TpTrace Information: 0 : 3708, 9, 2024/11/18, 14:17:57.128, 2543570472358, vstest.console.dll, TestRunRequest:SendTestRunMessage: Completed.
TpTrace Verbose: 0 : 3708, 9, 2024/11/18, 14:17:57.128, 2543570473148, vstest.console.dll, MulticastDelegateUtilities.SafeInvoke: LengthPrefixCommunicationChannel: MessageReceived: Invoking callback 1/1 for Microsoft.VisualStudio.TestPlatform.CommunicationUtilities.TestRequestSender+<>c__DisplayClass34_0., took 0 ms.
TpTrace Verbose: 0 : 3708, 9, 2024/11/18, 14:17:57.128, 2543570475027, vstest.console.dll, TcpClientExtensions.MessageLoopAsync: Polling on remoteEndPoint: 127.0.0.1:53612 localEndPoint: 127.0.0.1:53611 after 47 ms
TpTrace Verbose: 0 : 3708, 4, 2024/11/18, 14:17:57.129, 2543570476002, vstest.console.dll, MulticastDelegateUtilities.SafeInvoke: InternalTestLoggerEvents.SendTestRunMessage: Invoking callback 1/1 for Microsoft.VisualStudio.TestPlatform.CommandLine.Internal.ConsoleLogger., took 0 ms.
TpTrace Verbose: 0 : 3708, 9, 2024/11/18, 14:17:57.137, 2543570563966, vstest.console.dll, TcpClientExtensions.MessageLoopAsync: NotifyDataAvailable remoteEndPoint: 127.0.0.1:53612 localEndPoint: 127.0.0.1:53611
TpTrace Verbose: 0 : 3708, 9, 2024/11/18, 14:17:57.138, 2543570566293, vstest.console.dll, TestRequestSender.OnExecutionMessageReceived: Received message: {"Version":7,"MessageType":"TestSession.Message","Payload":{"MessageLevel":0,"Message":"NUnit Adapter 4.5.0.0: Test execution complete"}}
TpTrace Verbose: 0 : 3708, 9, 2024/11/18, 14:17:57.138, 2543570568300, vstest.console.dll, TestRunRequest:SendTestRunMessage: Starting.
TpTrace Verbose: 0 : 3708, 9, 2024/11/18, 14:17:57.138, 2543570569439, vstest.console.dll, MulticastDelegateUtilities.SafeInvoke: TestRun.LogMessages: Invoking callback 1/1 for Microsoft.VisualStudio.TestPlatform.CommandLine.TestRunResultAggregator., took 0 ms.
TpTrace Verbose: 0 : 3708, 4, 2024/11/18, 14:17:57.138, 2543570569711, vstest.console.dll, MulticastDelegateUtilities.SafeInvoke: InternalTestLoggerEvents.SendTestRunMessage: Invoking callback 1/1 for Microsoft.VisualStudio.TestPlatform.CommandLine.Internal.ConsoleLogger., took 0 ms.
TpTrace Information: 0 : 3708, 9, 2024/11/18, 14:17:57.138, 2543570570354, vstest.console.dll, TestRunRequest:SendTestRunMessage: Completed.
TpTrace Verbose: 0 : 3708, 9, 2024/11/18, 14:17:57.138, 2543570572045, vstest.console.dll, MulticastDelegateUtilities.SafeInvoke: LengthPrefixCommunicationChannel: MessageReceived: Invoking callback 1/1 for Microsoft.VisualStudio.TestPlatform.CommunicationUtilities.TestRequestSender+<>c__DisplayClass34_0., took 0 ms.
TpTrace Verbose: 0 : 3708, 9, 2024/11/18, 14:17:57.138, 2543570573236, vstest.console.dll, TcpClientExtensions.MessageLoopAsync: Polling on remoteEndPoint: 127.0.0.1:53612 localEndPoint: 127.0.0.1:53611 after 9 ms
TpTrace Verbose: 0 : 3708, 9, 2024/11/18, 14:17:57.213, 2543571316255, vstest.console.dll, TcpClientExtensions.MessageLoopAsync: NotifyDataAvailable remoteEndPoint: 127.0.0.1:53612 localEndPoint: 127.0.0.1:53611
TpTrace Verbose: 0 : 3708, 9, 2024/11/18, 14:17:57.213, 2543571319541, vstest.console.dll, TestRequestSender.OnExecutionMessageReceived: Received message: {"Version":7,"MessageType":"TestExecution.Completed","Payload":{"TestRunCompleteArgs":{"TestRunStatistics":{"ExecutedTests":4,"Stats":{"Passed":4}},"IsCanceled":false,"IsAborted":false,"Error":null,"AttachmentSets":[],"InvokedDataCollectors":[],"ElapsedTimeInRunningTests":"00:00:00.4173663","Metrics":{},"DiscoveredExtensions":{"TestDiscoverers":["NUnit.VisualStudio.TestAdapter.NUnit3TestDiscoverer, NUnit3.TestAdapter, Version=4.5.0.0, Culture=neutral, PublicKeyToken=4cb40d35494691ac"],"TestExecutors":["executor://NUnit3TestExecutor"],"TestExecutors2":[],"TestSettingsProviders":[]}},"LastRunTests":{"NewTestResults":[{"TestCase":{"Id":"3597e712-005a-a18a-3902-4a93fc46b8db","FullyQualifiedName":"Test.Tests.When_Method_AddNewBookIsCalledThenBookIsAddedToDB","DisplayName":"When_Method_AddNewBookIsCalledThenBookIsAddedToDB","ExecutorUri":"executor://NUnit3TestExecutor","Source":"C:\\Users\\johan\\OneDrive\\Dokument\\Systemutveckling\\Avancerad programmering\\CleanArchitectureDemo\\Test\\bin\\Debug\\net8.0\\fine-code-coverage\\build-output\\Test.dll","CodeFilePath":null,"LineNumber":0,"Properties":[{"Key":{"Id":"NUnit.Seed","Label":"Seed","Category":"","Description":"","Attributes":0,"ValueType":"System.String"},"Value":"985923422"}]},"Attachments":[],"Outcome":1,"ErrorMessage":null,"ErrorStackTrace":null,"DisplayName":"When_Method_AddNewBookIsCalledThenBookIsAddedToDB","Messages":[{"Category":"StdOutMsgs","Text":"Give your book an ID:\r\nWhat’s the title of the book?\r\nAdd a description about your book:\r\n"}],"ComputerName":"DESKTOP-SJFAGUO","Duration":"00:00:00.0279450","StartTime":"2024-11-18T13:17:56.9834376+00:00","EndTime":"2024-11-18T13:17:57.0112211+00:00","Properties":[{"Key":{"Id":"NUnit.Seed","Label":"Seed","Category":"","Description":"","Attributes":0,"ValueType":"System.String"},"Value":"985923422"}]},{"TestCase":{"Id":"ab33114c-7781-227c-67e6-5bcebf62847d","FullyQualifiedName":"Test.Tests.When_Method_DeleteBookIsCalledThenBookIsDeletedFromDB","DisplayName":"When_Method_DeleteBookIsCalledThenBookIsDeletedFromDB","ExecutorUri":"executor://NUnit3TestExecutor","Source":"C:\\Users\\johan\\OneDrive\\Dokument\\Systemutveckling\\Avancerad programmering\\CleanArchitectureDemo\\Test\\bin\\Debug\\net8.0\\fine-code-coverage\\build-output\\Test.dll","CodeFilePath":null,"LineNumber":0,"Properties":[{"Key":{"Id":"NUnit.Seed","Label":"Seed","Category":"","Description":"","Attributes":0,"ValueType":"System.String"},"Value":"1354861519"}]},"Attachments":[],"Outcome":1,"ErrorMessage":null,"ErrorStackTrace":null,"DisplayName":"When_Method_DeleteBookIsCalledThenBookIsDeletedFromDB","Messages":[],"ComputerName":"DESKTOP-SJFAGUO","Duration":"00:00:00.0016060","StartTime":"2024-11-18T13:17:57.0134674+00:00","EndTime":"2024-11-18T13:17:57.0150747+00:00","Properties":[{"Key":{"Id":"NUnit.Seed","Label":"Seed","Category":"","Description":"","Attributes":0,"ValueType":"System.String"},"Value":"1354861519"}]},{"TestCase":{"Id":"68dd82c0-1839-3f23-c2fc-75eae1d2915c","FullyQualifiedName":"Test.Tests.When_Method_GetBooksIsCalledAllBooksInDBIsShown","DisplayName":"When_Method_GetBooksIsCalledAllBooksInDBIsShown","ExecutorUri":"executor://NUnit3TestExecutor","Source":"C:\\Users\\johan\\OneDrive\\Dokument\\Systemutveckling\\Avancerad programmering\\CleanArchitectureDemo\\Test\\bin\\Debug\\net8.0\\fine-code-coverage\\build-output\\Test.dll","CodeFilePath":null,"LineNumber":0,"Properties":[{"Key":{"Id":"NUnit.Seed","Label":"Seed","Category":"","Description":"","Attributes":0,"ValueType":"System.String"},"Value":"2029110392"}]},"Attachments":[],"Outcome":1,"ErrorMessage":null,"ErrorStackTrace":null,"DisplayName":"When_Method_GetBooksIsCalledAllBooksInDBIsShown","Messages":[],"ComputerName":"DESKTOP-SJFAGUO","Duration":"00:00:00.0055380","StartTime":"2024-11-18T13:17:57.015105+00:00","EndTime":"2024-11-18T13:17:57.0206421+00:00","Properties":[{"Key":{"Id":"NUnit.Seed","Label":"Seed","Category":"","Description":"","Attributes":0,"ValueType":"System.String"},"Value":"2029110392"}]},{"TestCase":{"Id":"a3089db4-4198-071d-08c1-7bcf71adfb3c","FullyQualifiedName":"Test.Tests.When_Method_UpdateBookIsCalledThenBookIsUpdatedWithNewTitleAndDescription","DisplayName":"When_Method_UpdateBookIsCalledThenBookIsUpdatedWithNewTitleAndDescription","ExecutorUri":"executor://NUnit3TestExecutor","Source":"C:\\Users\\johan\\OneDrive\\Dokument\\Systemutveckling\\Avancerad programmering\\CleanArchitectureDemo\\Test\\bin\\Debug\\net8.0\\fine-code-coverage\\build-output\\Test.dll","CodeFilePath":null,"LineNumber":0,"Properties":[{"Key":{"Id":"NUnit.Seed","Label":"Seed","Category":"","Description":"","Attributes":0,"ValueType":"System.String"},"Value":"573359577"}]},"Attachments":[],"Outcome":1,"ErrorMessage":null,"ErrorStackTrace":null,"DisplayName":"When_Method_UpdateBookIsCalledThenBookIsUpdatedWithNewTitleAndDescription","Messages":[{"Category":"StdOutMsgs","Text":"Update book title (current: Old Title): \r\nUpdate book description (current: Old description): \r\n"}],"ComputerName":"DESKTOP-SJFAGUO","Duration":"00:00:00.0024060","StartTime":"2024-11-18T13:17:57.0207849+00:00","EndTime":"2024-11-18T13:17:57.0231902+00:00","Properties":[{"Key":{"Id":"NUnit.Seed","Label":"Seed","Category":"","Description":"","Attributes":0,"ValueType":"System.String"},"Value":"573359577"}]}],"TestRunStatistics":{"ExecutedTests":4,"Stats":{"Passed":4}},"ActiveTests":[]},"RunAttachments":[],"ExecutorUris":["executor://nunit3testexecutor/"]}}
TpTrace Verbose: 0 : 3708, 9, 2024/11/18, 14:17:57.213, 2543571323407, vstest.console.dll, TestRequestSender.EndSession: Sending end session.
TpTrace Verbose: 0 : 3708, 9, 2024/11/18, 14:17:57.214, 2543571325709, vstest.console.dll, ProxyOperationManager.Close: waiting for test host to exit for 100 ms
TpTrace Verbose: 0 : 3708, 11, 2024/11/18, 14:17:57.239, 2543571581895, vstest.console.dll, TestHostManagerCallbacks.StandardOutputReceivedCallback Test host standard output line: 
TpTrace Warning: 0 : 3708, 12, 2024/11/18, 14:17:57.240, 2543571589620, vstest.console.dll, TestHostManagerCallbacks.ErrorReceivedCallback Test host standard error line: 
TpTrace Verbose: 0 : 3708, 12, 2024/11/18, 14:17:57.256, 2543571754945, vstest.console.dll, TestHostProvider.ExitCallBack: Host exited starting callback.
TpTrace Information: 0 : 3708, 12, 2024/11/18, 14:17:57.257, 2543571756979, vstest.console.dll, TestHostManagerCallbacks.ExitCallBack: Testhost processId: 4960 exited with exitcode: 0 error: ''
TpTrace Verbose: 0 : 3708, 12, 2024/11/18, 14:17:57.257, 2543571757584, vstest.console.dll, DotnetTestHostManager.OnHostExited: invoking OnHostExited callback
TpTrace Verbose: 0 : 3708, 12, 2024/11/18, 14:17:57.257, 2543571758375, vstest.console.dll, CrossPlatEngine.TestHostManagerHostExited: calling on client process exit callback.
TpTrace Information: 0 : 3708, 12, 2024/11/18, 14:17:57.257, 2543571759101, vstest.console.dll, TestRequestSender.OnClientProcessExit: Test host process exited. Standard error: 
TpTrace Information: 0 : 3708, 9, 2024/11/18, 14:17:57.257, 2543571759495, vstest.console.dll, SocketServer.Stop: Stop server endPoint: 127.0.0.1:53611
TpTrace Information: 0 : 3708, 12, 2024/11/18, 14:17:57.257, 2543571759694, vstest.console.dll, SocketServer.Stop: Stop server endPoint: 127.0.0.1:53611
TpTrace Information: 0 : 3708, 9, 2024/11/18, 14:17:57.257, 2543571760272, vstest.console.dll, SocketServer.Stop: Cancellation requested. Stopping message loop.
TpTrace Information: 0 : 3708, 12, 2024/11/18, 14:17:57.257, 2543571760773, vstest.console.dll, SocketServer.Stop: Cancellation requested. Stopping message loop.
TpTrace Verbose: 0 : 3708, 12, 2024/11/18, 14:17:57.257, 2543571761790, vstest.console.dll, MulticastDelegateUtilities.SafeInvoke: HostProviderEvents.OnHostExited: Invoking callback 1/1 for Microsoft.VisualStudio.TestPlatform.CrossPlatEngine.Client.ProxyOperationManager., took 0 ms.
TpTrace Information: 0 : 3708, 9, 2024/11/18, 14:17:57.257, 2543571762157, vstest.console.dll, Closing the connection
TpTrace Verbose: 0 : 3708, 9, 2024/11/18, 14:17:57.257, 2543571764852, vstest.console.dll, ProxyDataCollectionManager.InvokeDataCollectionServiceAction: Starting.
TpTrace Information: 0 : 3708, 9, 2024/11/18, 14:17:57.258, 2543571765430, vstest.console.dll, ProxyDataCollectionManager.AfterTestRunEnd: Get attachment set and invoked data collectors processId: 9824 port: 53608
TpTrace Verbose: 0 : 3708, 9, 2024/11/18, 14:17:57.258, 2543571766156, vstest.console.dll, DataCollectionRequestSender.SendAfterTestRunStartAndGetResult: Send AfterTestRunEnd message with isCancelled: False
TpTrace Verbose: 0 : 3708, 9, 2024/11/18, 14:17:57.265, 2543571841569, vstest.console.dll, DataCollectionRequestSender.SendAfterTestRunStartAndGetResult: Received message: (DataCollection.AfterTestRunEndResult) -> {"MessageType":"DataCollection.AfterTestRunEndResult","Payload":{"AttachmentSets":[],"InvokedDataCollectors":[{"Uri":"datacollector://Microsoft/TestPlatform/Extensions/Blame/v1","FriendlyName":"Blame","AssemblyQualifiedName":"Microsoft.TestPlatform.Extensions.BlameDataCollector.BlameCollector, Microsoft.TestPlatform.Extensions.BlameDataCollector, Version=15.0.0.0, Culture=neutral, PublicKeyToken=b03f5f7f11d50a3a","FilePath":"C:\\Program Files\\dotnet\\sdk\\9.0.100\\Extensions\\Microsoft.TestPlatform.Extensions.BlameDataCollector.dll","HasAttachmentProcessor":false}],"Metrics":{}}}
TpTrace Warning: 0 : 3708, 10, 2024/11/18, 14:17:57.271, 2543571903432, vstest.console.dll, DataCollectionLauncher.ErrorReceivedCallback datacollector standard error line: 
TpTrace Information: 0 : 3708, 9, 2024/11/18, 14:17:57.278, 2543571968410, vstest.console.dll, ProxyDataCollectionManager.InvokeDataCollectionServiceAction: Completed.
TpTrace Information: 0 : 3708, 10, 2024/11/18, 14:17:57.287, 2543572058628, vstest.console.dll, DataCollectionLauncher.ExitCallBack: Data collector exited with exitcode: 0 error: ''
TpTrace Verbose: 0 : 3708, 9, 2024/11/18, 14:17:57.360, 2543572791781, vstest.console.dll, TestRunRequest:SendTestRunStatsChange: Starting.
TpTrace Verbose: 0 : 3708, 9, 2024/11/18, 14:17:57.360, 2543572794920, vstest.console.dll, MulticastDelegateUtilities.SafeInvoke: TestRun.RunStatsChanged: Invoking callbacks was skipped because there are no subscribers.
TpTrace Information: 0 : 3708, 9, 2024/11/18, 14:17:57.361, 2543572795809, vstest.console.dll, TestRunRequest:SendTestRunStatsChange: Completed.
TpTrace Verbose: 0 : 3708, 9, 2024/11/18, 14:17:57.361, 2543572800561, vstest.console.dll, ParallelProxyExecutionManager: HandlePartialRunComplete: Total workloads = 1, Total started clients = 1 Total completed clients = 1, Run complete = True, Run canceled: False.
TpTrace Verbose: 0 : 3708, 9, 2024/11/18, 14:17:57.361, 2543572801139, vstest.console.dll, ParallelProxyExecutionManager: HandlePartialRunComplete: All runs completed stopping all managers.
TpTrace Verbose: 0 : 3708, 9, 2024/11/18, 14:17:57.361, 2543572801681, vstest.console.dll, ParallelOperationManager.StopAllManagers: Stopping all managers.
TpTrace Verbose: 0 : 3708, 9, 2024/11/18, 14:17:57.361, 2543572802196, vstest.console.dll, ParallelOperationManager.ClearSlots: Clearing all slots. Slots should accept more work: False
TpTrace Verbose: 0 : 3708, 9, 2024/11/18, 14:17:57.361, 2543572802739, vstest.console.dll, ParallelOperationManager.SetOccupiedSlotCount: Setting slot counts AvailableSlotCount = 1, OccupiedSlotCount = 0.
TpTrace Verbose: 0 : 3708, 9, 2024/11/18, 14:17:57.361, 2543572803322, vstest.console.dll, Occupied slots:

TpTrace Verbose: 0 : 3708, 4, 2024/11/18, 14:17:57.362, 2543572813646, vstest.console.dll, MulticastDelegateUtilities.SafeInvoke: InternalTestLoggerEvents.SendTestResult: Invoking callback 1/1 for Microsoft.VisualStudio.TestPlatform.CommandLine.Internal.ConsoleLogger., took 1 ms.
TpTrace Verbose: 0 : 3708, 4, 2024/11/18, 14:17:57.363, 2543572817354, vstest.console.dll, MulticastDelegateUtilities.SafeInvoke: InternalTestLoggerEvents.SendTestResult: Invoking callback 1/1 for Microsoft.VisualStudio.TestPlatform.CommandLine.Internal.ConsoleLogger., took 0 ms.
TpTrace Verbose: 0 : 3708, 4, 2024/11/18, 14:17:57.363, 2543572818246, vstest.console.dll, MulticastDelegateUtilities.SafeInvoke: InternalTestLoggerEvents.SendTestResult: Invoking callback 1/1 for Microsoft.VisualStudio.TestPlatform.CommandLine.Internal.ConsoleLogger., took 0 ms.
TpTrace Verbose: 0 : 3708, 4, 2024/11/18, 14:17:57.363, 2543572818992, vstest.console.dll, MulticastDelegateUtilities.SafeInvoke: InternalTestLoggerEvents.SendTestResult: Invoking callback 1/1 for Microsoft.VisualStudio.TestPlatform.CommandLine.Internal.ConsoleLogger., took 0 ms.
TpTrace Verbose: 0 : 3708, 4, 2024/11/18, 14:17:57.370, 2543572892265, vstest.console.dll, MulticastDelegateUtilities.SafeInvoke: InternalTestLoggerEvents.SendTestRunComplete: Invoking callback 1/2 for Microsoft.TestPlatform.Extensions.BlameDataCollector.BlameLogger., took 0 ms.
TpTrace Verbose: 0 : 3708, 4, 2024/11/18, 14:17:57.376, 2543572947535, vstest.console.dll, MulticastDelegateUtilities.SafeInvoke: InternalTestLoggerEvents.SendTestRunComplete: Invoking callback 2/2 for Microsoft.VisualStudio.TestPlatform.CommandLine.Internal.ConsoleLogger., took 5 ms.
TpTrace Verbose: 0 : 3708, 9, 2024/11/18, 14:17:57.376, 2543572952101, vstest.console.dll, TestRunRequest:TestRunComplete: Starting. IsAborted:False IsCanceled:False.
TpTrace Verbose: 0 : 3708, 9, 2024/11/18, 14:17:57.377, 2543572955467, vstest.console.dll, ParallelOperationManager.DoActionOnAllManagers: Calling an action on all managers.
TpTrace Verbose: 0 : 3708, 9, 2024/11/18, 14:17:57.377, 2543572964978, vstest.console.dll, TestLoggerManager.HandleTestRunComplete: Ignoring as the object is disposed.
TpTrace Verbose: 0 : 3708, 9, 2024/11/18, 14:17:57.378, 2543572967434, vstest.console.dll, MulticastDelegateUtilities.SafeInvoke: TestRun.TestRunComplete: Invoking callback 1/2 for Microsoft.VisualStudio.TestPlatform.CommandLine.TestRunResultAggregator., took 0 ms.
TpTrace Verbose: 0 : 3708, 9, 2024/11/18, 14:17:57.378, 2543572968796, vstest.console.dll, MulticastDelegateUtilities.SafeInvoke: TestRun.TestRunComplete: Invoking callback 2/2 for Microsoft.VisualStudio.TestPlatform.CommandLine.Processors.RunTestsArgumentExecutor+TestRunRequestEventsRegistrar., took 0 ms.
TpTrace Information: 0 : 3708, 9, 2024/11/18, 14:17:57.378, 2543572969971, vstest.console.dll, TestRunRequest:TestRunComplete: Completed.
TpTrace Verbose: 0 : 3708, 9, 2024/11/18, 14:17:57.378, 2543572970538, vstest.console.dll, TestRequestSender.SetOperationComplete: Setting operation complete.
TpTrace Verbose: 0 : 3708, 1, 2024/11/18, 14:17:57.378, 2543572970740, vstest.console.dll, TestRunRequest.Dispose: Starting.
TpTrace Information: 0 : 3708, 9, 2024/11/18, 14:17:57.378, 2543572971044, vstest.console.dll, SocketServer.Stop: Stop server endPoint: 127.0.0.1:53611
TpTrace Information: 0 : 3708, 1, 2024/11/18, 14:17:57.378, 2543572971915, vstest.console.dll, TestRunRequest.Dispose: Completed.
TpTrace Information: 0 : 3708, 9, 2024/11/18, 14:17:57.378, 2543572972522, vstest.console.dll, SocketServer.Stop: Cancellation requested. Stopping message loop.
TpTrace Information: 0 : 3708, 1, 2024/11/18, 14:17:57.378, 2543572972662, vstest.console.dll, TestRequestManager.RunTests: run tests completed.
TpTrace Verbose: 0 : 3708, 9, 2024/11/18, 14:17:57.378, 2543572973162, vstest.console.dll, MulticastDelegateUtilities.SafeInvoke: LengthPrefixCommunicationChannel: MessageReceived: Invoking callback 1/1 for Microsoft.VisualStudio.TestPlatform.CommunicationUtilities.TestRequestSender+<>c__DisplayClass34_0., took 165 ms.
TpTrace Information: 0 : 3708, 1, 2024/11/18, 14:17:57.378, 2543572974136, vstest.console.dll, RunTestsArgumentProcessor:Execute: Test run is completed.
TpTrace Information: 0 : 3708, 9, 2024/11/18, 14:17:57.378, 2543572974176, vstest.console.dll, SocketServer.PrivateStop: Stopping server endPoint: 127.0.0.1:53611 error: 
TpTrace Verbose: 0 : 3708, 1, 2024/11/18, 14:17:57.379, 2543572976866, vstest.console.dll, Executor.Execute: Exiting with exit code of 0
TpTrace Verbose: 0 : 3708, 9, 2024/11/18, 14:17:57.379, 2543572978826, vstest.console.dll, LengthPrefixCommunicationChannel.Dispose: Dispose reader and writer.
TpTrace Information: 0 : 3708, 9, 2024/11/18, 14:17:57.379, 2543572980077, vstest.console.dll, SocketServer.Stop: Raise disconnected event endPoint: 127.0.0.1:53611 error: 
TpTrace Verbose: 0 : 3708, 9, 2024/11/18, 14:17:57.379, 2543572981041, vstest.console.dll, TestRequestSender: OnTestRunAbort: Operation is already complete. Skip error message.
TpTrace Verbose: 0 : 3708, 9, 2024/11/18, 14:17:57.379, 2543572981593, vstest.console.dll, MulticastDelegateUtilities.SafeInvoke: SocketServer: ClientDisconnected: Invoking callback 1/1 for Microsoft.VisualStudio.TestPlatform.CommunicationUtilities.TestRequestSender., took 0 ms.
TpTrace Verbose: 0 : 3708, 9, 2024/11/18, 14:17:57.379, 2543572982081, vstest.console.dll, TcpClientExtensions.MessageLoopAsync: exiting MessageLoopAsync remoteEndPoint: 127.0.0.1:53612 localEndPoint: 127.0.0.1:53611
